#
# There is insufficient memory for the Java Runtime Environment to continue.
# Native memory allocation (mmap) failed to map 4030464 bytes for Failed to commit area from 0x00000227f7c30000 to 0x00000227f8008000 of length 4030464.
# Possible reasons:
#   The system is out of physical RAM or swap space
#   The process is running with CompressedOops enabled, and the Java Heap may be blocking the growth of the native heap
# Possible solutions:
#   Reduce memory load on the system
#   Increase physical memory or swap space
#   Check if swap backing store is full
#   Decrease Java heap size (-Xmx/-Xms)
#   Decrease number of Java threads
#   Decrease Java thread stack sizes (-Xss)
#   Set larger code cache with -XX:ReservedCodeCacheSize=
# This output file may be truncated or incomplete.
#
#  Out of Memory Error (t:/workspace/open/src/hotspot/os/windows/os_windows.cpp:3301), pid=42004, tid=67764
#
# JRE version:  (13.0.2+8) (build )
# Java VM: Java HotSpot(TM) 64-Bit Server VM (13.0.2+8, mixed mode, aot, sharing, tiered, compressed oops, g1 gc, windows-amd64)
# No core dump will be written. Minidumps are not enabled by default on client versions of Windows
#

---------------  S U M M A R Y ------------

Command Line: C:\Users\Savi\AppData\Local\Temp\surefire6902517908772273842\surefirebooter18398573048209981919.jar C:\Users\Savi\AppData\Local\Temp\surefire6902517908772273842 2023-09-12T22-16-41_600-jvmRun1 surefire14937707379990034998tmp surefire_011353993634354716927tmp

Host: AMD Ryzen 7 5700U with Radeon Graphics         , 16 cores, 15G,  Windows 10 , 64 bit Build 22621 (10.0.22621.2070)
Time: Tue Sep 12 22:16:42 2023 Fiji Standard Time elapsed time: 0 seconds (0d 0h 0m 0s)

---------------  T H R E A D  ---------------

Current thread (0x00000227de67a800):  JavaThread "Unknown thread" [_thread_in_vm, id=67764, stack(0x000000dc31000000,0x000000dc31100000)]

Stack: [0x000000dc31000000,0x000000dc31100000]
Native frames: (J=compiled Java code, j=interpreted, Vv=VM code, C=native code)
V  [jvm.dll+0x624f9a]
V  [jvm.dll+0x770cfa]
V  [jvm.dll+0x7724af]
V  [jvm.dll+0x772ab3]
V  [jvm.dll+0x24bf08]
V  [jvm.dll+0x6222aa]
V  [jvm.dll+0x6170b5]
V  [jvm.dll+0x30a88c]
V  [jvm.dll+0x30a6c2]
V  [jvm.dll+0x30fe36]
V  [jvm.dll+0x353f59]
V  [jvm.dll+0x353720]
V  [jvm.dll+0x2e550a]
V  [jvm.dll+0x2e67a2]
V  [jvm.dll+0x74dd78]
V  [jvm.dll+0x361989]
V  [jvm.dll+0x730e65]
V  [jvm.dll+0x3cc53f]
V  [jvm.dll+0x3ce861]
C  [jli.dll+0x51ff]
C  [ucrtbase.dll+0x29363]
C  [KERNEL32.DLL+0x126ad]
C  [ntdll.dll+0x5aa68]


---------------  P R O C E S S  ---------------

Threads class SMR info:
_java_thread_list=0x00007fffd9e9ccb8, length=0, elements={
}

Java Threads: ( => current thread )

Other Threads:
  0x00000227de6e4800 GCTaskThread "GC Thread#0" [stack: 0x000000dc31100000,0x000000dc31200000] [id=42452]
  0x00000227de705000 ConcurrentGCThread "G1 Main Marker" [stack: 0x000000dc31200000,0x000000dc31300000] [id=13144]
  0x00000227de707800 ConcurrentGCThread "G1 Conc#0" [stack: 0x000000dc31300000,0x000000dc31400000] [id=66996]

[error occurred during error reporting (printing all threads), id 0xc0000005, EXCEPTION_ACCESS_VIOLATION (0xc0000005) at pc=0x00007fffd96d51d7]

VM state:not at safepoint (not fully initialized)

VM Mutex/Monitor currently owned by a thread:  ([mutex/lock_event])
[0x00000227de677600] Heap_lock - owner thread: 0x00000227de67a800

Heap address: 0x000000070a400000, size: 3932 MB, Compressed Oops mode: Non-zero based: 0x000000070a400000
Narrow klass base: 0x0000000000000000, Narrow klass shift: 0

GC Heap History (0 events):
No events

Deoptimization events (0 events):
No events

Classes unloaded (0 events):
No events

Classes redefined (0 events):
No events

Internal exceptions (0 events):
No events

Events (8 events):
Event: 0.006 Loaded shared library C:\Program Files\Java\jdk-13.0.2\bin\zip.dll
Event: 0.006 Loaded shared library C:\Program Files\Java\jdk-13.0.2\bin\jimage.dll
Event: 0.007 Loading shared library C:\Program Files\Java\jdk-13.0.2\lib\libjava.base-coop.dll failed, error code 126
Event: 0.007 Loading shared library C:\Program Files\Java\jdk-13.0.2\lib\libjava.logging-coop.dll failed, error code 126
Event: 0.007 Loading shared library C:\Program Files\Java\jdk-13.0.2\lib\libjdk.compiler-coop.dll failed, error code 126
Event: 0.007 Loading shared library C:\Program Files\Java\jdk-13.0.2\lib\libjdk.scripting.nashorn-coop.dll failed, error code 126
Event: 0.007 Loading shared library C:\Program Files\Java\jdk-13.0.2\lib\libjdk.internal.vm.ci-coop.dll failed, error code 126
Event: 0.007 Loading shared library C:\Program Files\Java\jdk-13.0.2\lib\libjdk.internal.vm.compiler-coop.dll failed, error code 126


Dynamic libraries:
0x00007ff7033e0000 - 0x00007ff7033ef000 	C:\Program Files\Java\jdk-13.0.2\bin\java.exe
0x00007ff838730000 - 0x00007ff838944000 	C:\WINDOWS\SYSTEM32\ntdll.dll
0x00007ff837520000 - 0x00007ff8375e4000 	C:\WINDOWS\System32\KERNEL32.DLL
0x00007ff835f60000 - 0x00007ff836304000 	C:\WINDOWS\System32\KERNELBASE.dll
0x00007ff835dc0000 - 0x00007ff835ed1000 	C:\WINDOWS\System32\ucrtbase.dll
0x00007ff81e510000 - 0x00007ff81e525000 	C:\Program Files\Java\jdk-13.0.2\bin\VCRUNTIME140.dll
0x00007ff825d20000 - 0x00007ff825d38000 	C:\Program Files\Java\jdk-13.0.2\bin\jli.dll
0x00007ff837430000 - 0x00007ff8374e0000 	C:\WINDOWS\System32\ADVAPI32.dll
0x00007ff836bd0000 - 0x00007ff836c77000 	C:\WINDOWS\System32\msvcrt.dll
0x00007ff837f40000 - 0x00007ff837fe6000 	C:\WINDOWS\System32\sechost.dll
0x00007ff836600000 - 0x00007ff836717000 	C:\WINDOWS\System32\RPCRT4.dll
0x00007ff836f50000 - 0x00007ff8370fa000 	C:\WINDOWS\System32\USER32.dll
0x00007ff835d90000 - 0x00007ff835db6000 	C:\WINDOWS\System32\win32u.dll
0x00007ff8376f0000 - 0x00007ff837719000 	C:\WINDOWS\System32\GDI32.dll
0x00007ff824240000 - 0x00007ff8244cf000 	C:\WINDOWS\WinSxS\amd64_microsoft.windows.common-controls_6595b64144ccf1df_6.0.22621.2070_none_2713e6537381f706\COMCTL32.dll
0x00007ff835b10000 - 0x00007ff835c29000 	C:\WINDOWS\System32\gdi32full.dll
0x00007ff835cf0000 - 0x00007ff835d8a000 	C:\WINDOWS\System32\msvcp_win.dll
0x00007ff82cab0000 - 0x00007ff82caba000 	C:\WINDOWS\SYSTEM32\VERSION.dll
0x00007ff8374e0000 - 0x00007ff837511000 	C:\WINDOWS\System32\IMM32.DLL
0x00007ff808170000 - 0x00007ff80820b000 	C:\Program Files\Java\jdk-13.0.2\bin\msvcp140.dll
0x00007fffd93e0000 - 0x00007fffd9f3d000 	C:\Program Files\Java\jdk-13.0.2\bin\server\jvm.dll
0x00007ff8373c0000 - 0x00007ff8373c8000 	C:\WINDOWS\System32\PSAPI.DLL
0x00007ff82cd10000 - 0x00007ff82cd44000 	C:\WINDOWS\SYSTEM32\WINMM.dll
0x00007ff814800000 - 0x00007ff814809000 	C:\WINDOWS\SYSTEM32\WSOCK32.dll
0x00007ff836580000 - 0x00007ff8365f1000 	C:\WINDOWS\System32\WS2_32.dll
0x00007ff834b70000 - 0x00007ff834b88000 	C:\WINDOWS\SYSTEM32\kernel.appcore.dll
0x00007ff832000000 - 0x00007ff832010000 	C:\Program Files\Java\jdk-13.0.2\bin\verify.dll
0x00007ff833360000 - 0x00007ff83358e000 	C:\WINDOWS\SYSTEM32\DBGHELP.DLL
0x00007ff838120000 - 0x00007ff8384aa000 	C:\WINDOWS\System32\combase.dll
0x00007ff837ff0000 - 0x00007ff8380c7000 	C:\WINDOWS\System32\OLEAUT32.dll
0x00007ff81a120000 - 0x00007ff81a152000 	C:\WINDOWS\SYSTEM32\dbgcore.DLL
0x00007ff835ee0000 - 0x00007ff835f5a000 	C:\WINDOWS\System32\bcryptPrimitives.dll
0x00007ff81d530000 - 0x00007ff81d556000 	C:\Program Files\Java\jdk-13.0.2\bin\java.dll
0x00007ff81d510000 - 0x00007ff81d527000 	C:\Program Files\Java\jdk-13.0.2\bin\zip.dll
0x00007ff830b40000 - 0x00007ff830b4a000 	C:\Program Files\Java\jdk-13.0.2\bin\jimage.dll

dbghelp: loaded successfully - version: 4.0.5 - missing functions: none
symbol engine: initialized successfully - sym options: 0x614 - pdb path: .;C:\Program Files\Java\jdk-13.0.2\bin;C:\WINDOWS\SYSTEM32;C:\WINDOWS\WinSxS\amd64_microsoft.windows.common-controls_6595b64144ccf1df_6.0.22621.2070_none_2713e6537381f706;C:\Program Files\Java\jdk-13.0.2\bin\server

VM Arguments:
java_command: C:\Users\Savi\AppData\Local\Temp\surefire6902517908772273842\surefirebooter18398573048209981919.jar C:\Users\Savi\AppData\Local\Temp\surefire6902517908772273842 2023-09-12T22-16-41_600-jvmRun1 surefire14937707379990034998tmp surefire_011353993634354716927tmp
java_class_path (initial): C:\Users\Savi\AppData\Local\Temp\surefire6902517908772273842\surefirebooter18398573048209981919.jar
Launcher Type: SUN_STANDARD

[Global flags]
     intx CICompilerCount                          = 12                                        {product} {ergonomic}
     uint ConcGCThreads                            = 3                                         {product} {ergonomic}
     uint G1ConcRefinementThreads                  = 13                                        {product} {ergonomic}
   size_t G1HeapRegionSize                         = 1048576                                   {product} {ergonomic}
    uintx GCDrainStackTargetSize                   = 64                                        {product} {ergonomic}
   size_t InitialHeapSize                          = 257949696                                 {product} {ergonomic}
   size_t MarkStackSize                            = 4194304                                   {product} {ergonomic}
   size_t MaxHeapSize                              = 4123000832                                {product} {ergonomic}
   size_t MinHeapDeltaBytes                        = 1048576                                   {product} {ergonomic}
   size_t MinHeapSize                              = 8388608                                   {product} {ergonomic}
    uintx NonNMethodCodeHeapSize                   = 7602480                                {pd product} {ergonomic}
    uintx NonProfiledCodeHeapSize                  = 122027880                              {pd product} {ergonomic}
    uintx ProfiledCodeHeapSize                     = 122027880                              {pd product} {ergonomic}
    uintx ReservedCodeCacheSize                    = 251658240                              {pd product} {ergonomic}
     bool SegmentedCodeCache                       = true                                      {product} {ergonomic}
   size_t SoftMaxHeapSize                          = 4123000832                             {manageable} {ergonomic}
     bool UseCompressedClassPointers               = true                                 {lp64_product} {ergonomic}
     bool UseCompressedOops                        = true                                 {lp64_product} {ergonomic}
     bool UseG1GC                                  = true                                      {product} {ergonomic}
     bool UseLargePagesIndividualAllocation        = false                                  {pd product} {ergonomic}

Logging:
Log output configuration:
 #0: stdout all=warning uptime,level,tags
 #1: stderr all=off uptime,level,tags

Environment Variables:
JAVA_HOME=C:\Program Files\Java\jdk-13.0.2
PATH=C:\Program Files\Python311\Scripts\;C:\Program Files\Python311\;C:\Program Files (x86)\Common Files\Oracle\Java\javapath;C:\Windows\system32;C:\Windows;C:\Windows\System32\Wbem;C:\Windows\System32\WindowsPowerShell\v1.0\;C:\Windows\System32\OpenSSH\;C:\Program Files\Microsoft SQL Server\150\Tools\Binn\;c:\Program Files (x86)\Microsoft SQL Server\100\Tools\Binn\;c:\Program Files\Microsoft SQL Server\100\Tools\Binn\;c:\Program Files\Microsoft SQL Server\100\DTS\Binn\;C:\WINDOWS\system32;C:\WINDOWS;C:\WINDOWS\System32\Wbem;C:\WINDOWS\System32\WindowsPowerShell\v1.0\;C:\WINDOWS\System32\OpenSSH\;C:\Program Files\dotnet\;C:\Program Files\Microsoft SQL Server\130\Tools\Binn\;C:\Program Files\Microsoft SQL Server\Client SDK\ODBC\170\Tools\Binn\;C:\Program Files\Java\jdk-13.0.2\bin;C:\Program Files\Git\cmd;C:\WINDOWS\system32;C:\WINDOWS;C:\WINDOWS\System32\Wbem;C:\WINDOWS\System32\WindowsPowerShell\v1.0\;C:\WINDOWS\System32\OpenSSH\;C:\Users\Savi\AppData\Local\Microsoft\WindowsApps;C:\Users\Savi\AppData\Local\Programs\Microsoft VS Code\bin;C:\Users\Savi\.dotnet\tools;C:\Users\Savi\AppData\Local\GitHubDesktop\bin;
USERNAME=Savi
OS=Windows_NT
PROCESSOR_IDENTIFIER=AMD64 Family 23 Model 104 Stepping 1, AuthenticAMD



---------------  S Y S T E M  ---------------

OS: Windows 10 , 64 bit Build 22621 (10.0.22621.2070)
HyperV virtualization detected

CPU:total 16 (initial active 16) (16 cores per cpu, 2 threads per core) family 23 model 104 stepping 1, cmov, cx8, fxsr, mmx, sse, sse2, sse3, ssse3, sse4.1, sse4.2, popcnt, avx, avx2, aes, clmul, mmxext, 3dnowpref, lzcnt, sse4a, ht, tsc, tscinvbit, tscinv, bmi1, bmi2, adx, sha, fma

Memory: 4k page, system-wide physical 15724M (3485M free)
TotalPageFile size 19264M (AvailPageFile size 8M)
current process WorkingSet (physical memory assigned to process): 11M, peak: 11M
current process commit charge ("private bytes"): 318M, peak: 322M

vm_info: Java HotSpot(TM) 64-Bit Server VM (13.0.2+8) for windows-amd64 JRE (13.0.2+8), built on Dec 11 2019 09:20:33 by "mach5one" with unknown MS VC++:1916

END.
