#
# There is insufficient memory for the Java Runtime Environment to continue.
# Native memory allocation (malloc) failed to allocate 131088 bytes for Chunk::new
# Possible reasons:
#   The system is out of physical RAM or swap space
#   The process is running with CompressedOops enabled, and the Java Heap may be blocking the growth of the native heap
# Possible solutions:
#   Reduce memory load on the system
#   Increase physical memory or swap space
#   Check if swap backing store is full
#   Decrease Java heap size (-Xmx/-Xms)
#   Decrease number of Java threads
#   Decrease Java thread stack sizes (-Xss)
#   Set larger code cache with -XX:ReservedCodeCacheSize=
#   JVM is running with Zero Based Compressed Oops mode in which the Java heap is
#     placed in the first 32GB address space. The Java Heap base address is the
#     maximum limit for the native heap growth. Please use -XX:HeapBaseMinAddress
#     to set the Java Heap base and to place the Java Heap above 32GB virtual address.
# This output file may be truncated or incomplete.
#
#  Out of Memory Error (t:/workspace/open/src/hotspot/share/memory/arena.cpp:196), pid=67088, tid=43376
#
# JRE version: Java(TM) SE Runtime Environment (13.0.2+8) (build 13.0.2+8)
# Java VM: Java HotSpot(TM) 64-Bit Server VM (13.0.2+8, mixed mode, sharing, tiered, compressed oops, g1 gc, windows-amd64)
# No core dump will be written. Minidumps are not enabled by default on client versions of Windows
#

---------------  S U M M A R Y ------------

Command Line: -Dclassworlds.conf=C:\Program Files\NetBeans-13\netbeans\java\maven\bin\m2.conf -Dmaven.home=C:\Program Files\NetBeans-13\netbeans\java\maven -Dlibrary.jansi.path=C:\Program Files\NetBeans-13\netbeans\java\maven\lib\jansi-native -Dmaven.multiModuleProjectDirectory=C:\Users\Savi\Desktop\USP\Year 3\3-S2-2023\CS341\CS341-Lab2\CS341_A1_Java_S11199815_S11198967 org.codehaus.plexus.classworlds.launcher.Launcher -Dmaven.ext.class.path=C:\Program Files\NetBeans-13\netbeans\java\maven-nblib\netbeans-eventspy.jar test

Host: AMD Ryzen 7 5700U with Radeon Graphics         , 16 cores, 15G,  Windows 10 , 64 bit Build 22621 (10.0.22621.2070)
Time: Tue Sep 12 22:21:45 2023 Fiji Standard Time elapsed time: 3 seconds (0d 0h 0m 3s)

---------------  T H R E A D  ---------------

Current thread (0x00000199604aa800):  JavaThread "C2 CompilerThread0" daemon [_thread_in_native, id=43376, stack(0x00000096f6e00000,0x00000096f6f00000)]


Current CompileTask:
C2:   3819 4674   !   4       org.apache.maven.model.Model::clone (502 bytes)

Stack: [0x00000096f6e00000,0x00000096f6f00000]
Native frames: (J=compiled Java code, j=interpreted, Vv=VM code, C=native code)
V  [jvm.dll+0x624f9a]
V  [jvm.dll+0x770cfa]
V  [jvm.dll+0x7724af]
V  [jvm.dll+0x772ab3]
V  [jvm.dll+0x24bf08]
V  [jvm.dll+0xc1e47]
V  [jvm.dll+0xc23cc]
V  [jvm.dll+0xc1f2d]
V  [jvm.dll+0x60763f]
V  [jvm.dll+0x54802c]
V  [jvm.dll+0x54534d]
V  [jvm.dll+0x5451b6]
V  [jvm.dll+0x54457b]
V  [jvm.dll+0x20e00a]
V  [jvm.dll+0x207ace]
V  [jvm.dll+0x204d1d]
V  [jvm.dll+0x189c2c]
V  [jvm.dll+0x213e6d]
V  [jvm.dll+0x2120bb]
V  [jvm.dll+0x736bb6]
V  [jvm.dll+0x72fcaa]
V  [jvm.dll+0x623ea6]
C  [ucrtbase.dll+0x29363]
C  [KERNEL32.DLL+0x126ad]
C  [ntdll.dll+0x5aa68]


---------------  P R O C E S S  ---------------

Threads class SMR info:
_java_thread_list=0x00000199624abec0, length=26, elements={
0x0000019939aed000, 0x000001995fc05800, 0x000001995fc06800, 0x00000199604a6000,
0x00000199604a9800, 0x00000199604aa800, 0x00000199604ab800, 0x00000199604b1800,
0x00000199605d3000, 0x0000019960606800, 0x000001996060d000, 0x0000019960d96000,
0x0000019960d7c800, 0x000001996107b800, 0x00000199630be800, 0x00000199612a4800,
0x0000019961e46000, 0x000001996494d000, 0x0000019963c49800, 0x0000019963082800,
0x0000019962799000, 0x0000019962b1c800, 0x0000019962747800, 0x0000019962bbf800,
0x0000019962f85000, 0x0000019962f85800
}

Java Threads: ( => current thread )
  0x0000019939aed000 JavaThread "main" [_thread_in_native, id=61452, stack(0x00000096f6300000,0x00000096f6400000)]
  0x000001995fc05800 JavaThread "Reference Handler" daemon [_thread_blocked, id=54500, stack(0x00000096f6a00000,0x00000096f6b00000)]
  0x000001995fc06800 JavaThread "Finalizer" daemon [_thread_blocked, id=6332, stack(0x00000096f6b00000,0x00000096f6c00000)]
  0x00000199604a6000 JavaThread "Signal Dispatcher" daemon [_thread_blocked, id=42204, stack(0x00000096f6c00000,0x00000096f6d00000)]
  0x00000199604a9800 JavaThread "Attach Listener" daemon [_thread_blocked, id=61860, stack(0x00000096f6d00000,0x00000096f6e00000)]
=>0x00000199604aa800 JavaThread "C2 CompilerThread0" daemon [_thread_in_native, id=43376, stack(0x00000096f6e00000,0x00000096f6f00000)]
  0x00000199604ab800 JavaThread "C1 CompilerThread0" daemon [_thread_blocked, id=69428, stack(0x00000096f6f00000,0x00000096f7000000)]
  0x00000199604b1800 JavaThread "Sweeper thread" daemon [_thread_blocked, id=56948, stack(0x00000096f7000000,0x00000096f7100000)]
  0x00000199605d3000 JavaThread "C1 CompilerThread1" daemon [_thread_blocked, id=53488, stack(0x00000096f7100000,0x00000096f7200000)]
  0x0000019960606800 JavaThread "Service Thread" daemon [_thread_blocked, id=68852, stack(0x00000096f7200000,0x00000096f7300000)]
  0x000001996060d000 JavaThread "Common-Cleaner" daemon [_thread_blocked, id=69156, stack(0x00000096f7400000,0x00000096f7500000)]
  0x0000019960d96000 JavaThread "C1 CompilerThread2" daemon [_thread_blocked, id=62756, stack(0x00000096f7500000,0x00000096f7600000)]
  0x0000019960d7c800 JavaThread "C1 CompilerThread3" daemon [_thread_blocked, id=65568, stack(0x00000096f7600000,0x00000096f7700000)]
  0x000001996107b800 JavaThread "C2 CompilerThread1" daemon [_thread_in_native, id=20572, stack(0x00000096f7700000,0x00000096f7800000)]
  0x00000199630be800 JavaThread "resolver-1" daemon [_thread_blocked, id=61640, stack(0x00000096f7800000,0x00000096f7900000)]
  0x00000199612a4800 JavaThread "resolver-2" daemon [_thread_blocked, id=62204, stack(0x00000096f7900000,0x00000096f7a00000)]
  0x0000019961e46000 JavaThread "resolver-3" daemon [_thread_blocked, id=46340, stack(0x00000096f7a00000,0x00000096f7b00000)]
  0x000001996494d000 JavaThread "resolver-4" daemon [_thread_blocked, id=57356, stack(0x00000096f7b00000,0x00000096f7c00000)]
  0x0000019963c49800 JavaThread "C2 CompilerThread2" daemon [_thread_in_native, id=58644, stack(0x00000096f8000000,0x00000096f8100000)]
  0x0000019963082800 JavaThread "resolver-5" daemon [_thread_blocked, id=15484, stack(0x00000096f8100000,0x00000096f8200000)]
  0x0000019962799000 JavaThread "timeout-check-timer" daemon [_thread_blocked, id=61312, stack(0x00000096f8200000,0x00000096f8300000)]
  0x0000019962b1c800 JavaThread "ping-timer-10s" daemon [_thread_blocked, id=46076, stack(0x00000096f8300000,0x00000096f8400000)]
  0x0000019962747800 JavaThread "ThreadedStreamConsumer" daemon [_thread_blocked, id=51308, stack(0x00000096f8400000,0x00000096f8500000)]
  0x0000019962bbf800 JavaThread "std-in-fork-1" daemon [_thread_blocked, id=68460, stack(0x00000096f8500000,0x00000096f8600000)]
  0x0000019962f85000 JavaThread "fork-1-event-thread" daemon [_thread_in_native, id=59072, stack(0x00000096f8600000,0x00000096f8700000)]
  0x0000019962f85800 JavaThread "fork-1-err-thread" daemon [_thread_in_native, id=58696, stack(0x00000096f8700000,0x00000096f8800000)]

Other Threads:
  0x000001995fc03800 VMThread "VM Thread" [stack: 0x00000096f6900000,0x00000096f6a00000] [id=60148]
  0x000001996061b800 WatcherThread [stack: 0x00000096f7300000,0x00000096f7400000] [id=66024]
  0x0000019939b56800 GCTaskThread "GC Thread#0" [stack: 0x00000096f6400000,0x00000096f6500000] [id=59468]
  0x00000199622e0800 GCTaskThread "GC Thread#1" [stack: 0x00000096f7c00000,0x00000096f7d00000] [id=54488]
  0x00000199623a4800 GCTaskThread "GC Thread#2" [stack: 0x00000096f7d00000,0x00000096f7e00000] [id=56164]
  0x0000019961866800 GCTaskThread "GC Thread#3" [stack: 0x00000096f7e00000,0x00000096f7f00000] [id=61100]
  0x0000019962535800 GCTaskThread "GC Thread#4" [stack: 0x00000096f7f00000,0x00000096f8000000] [id=58076]
  0x0000019939b77800 ConcurrentGCThread "G1 Main Marker" [stack: 0x00000096f6500000,0x00000096f6600000] [id=60784]
  0x0000019939b78800 ConcurrentGCThread "G1 Conc#0" [stack: 0x00000096f6600000,0x00000096f6700000] [id=62952]
  0x000001995faec800 ConcurrentGCThread "G1 Refine#0" [stack: 0x00000096f6700000,0x00000096f6800000] [id=60360]
  0x000001995faed800 ConcurrentGCThread "G1 Young RemSet Sampling" [stack: 0x00000096f6800000,0x00000096f6900000] [id=35884]

Threads with active compile tasks:
C2 CompilerThread0     3838 4674   !   4       org.apache.maven.model.Model::clone (502 bytes)
C2 CompilerThread1     3838 4733       4       org.codehaus.plexus.classworlds.realm.ClassRealm::loadClass (7 bytes)
C2 CompilerThread2     3838 4726   !   4       java.lang.ClassLoader::loadClass (122 bytes)

VM state:not at safepoint (normal execution)

VM Mutex/Monitor currently owned by a thread: None

Heap address: 0x000000070a400000, size: 3932 MB, Compressed Oops mode: Zero based, Oop shift amount: 3
Narrow klass base: 0x0000000800000000, Narrow klass shift: 3
Compressed class space size: 1073741824 Address: 0x0000000800b40000

Heap:
 garbage-first heap   total 251904K, used 77128K [0x000000070a400000, 0x0000000800000000)
  region size 1024K, 76 young (77824K), 11 survivors (11264K)
 Metaspace       used 19220K, capacity 19800K, committed 19968K, reserved 1067008K
  class space    used 2060K, capacity 2257K, committed 2304K, reserved 1048576K
Heap Regions: E=young(eden), S=young(survivor), O=old, HS=humongous(starts), HC=humongous(continues), CS=collection set, F=free, A=archive, TAMS=top-at-mark-start (previous, next)
|   0|0x000000070a400000, 0x000000070a471600, 0x000000070a500000| 44%| O|  |TAMS 0x000000070a400000, 0x000000070a400000| Untracked 
|   1|0x000000070a500000, 0x000000070a500000, 0x000000070a600000|  0%| F|  |TAMS 0x000000070a500000, 0x000000070a500000| Untracked 
|   2|0x000000070a600000, 0x000000070a600000, 0x000000070a700000|  0%| F|  |TAMS 0x000000070a600000, 0x000000070a600000| Untracked 
|   3|0x000000070a700000, 0x000000070a700000, 0x000000070a800000|  0%| F|  |TAMS 0x000000070a700000, 0x000000070a700000| Untracked 
|   4|0x000000070a800000, 0x000000070a800000, 0x000000070a900000|  0%| F|  |TAMS 0x000000070a800000, 0x000000070a800000| Untracked 
|   5|0x000000070a900000, 0x000000070a900000, 0x000000070aa00000|  0%| F|  |TAMS 0x000000070a900000, 0x000000070a900000| Untracked 
|   6|0x000000070aa00000, 0x000000070aa00000, 0x000000070ab00000|  0%| F|  |TAMS 0x000000070aa00000, 0x000000070aa00000| Untracked 
|   7|0x000000070ab00000, 0x000000070ab00000, 0x000000070ac00000|  0%| F|  |TAMS 0x000000070ab00000, 0x000000070ab00000| Untracked 
|   8|0x000000070ac00000, 0x000000070ac00000, 0x000000070ad00000|  0%| F|  |TAMS 0x000000070ac00000, 0x000000070ac00000| Untracked 
|   9|0x000000070ad00000, 0x000000070ad00000, 0x000000070ae00000|  0%| F|  |TAMS 0x000000070ad00000, 0x000000070ad00000| Untracked 
|  10|0x000000070ae00000, 0x000000070ae00000, 0x000000070af00000|  0%| F|  |TAMS 0x000000070ae00000, 0x000000070ae00000| Untracked 
|  11|0x000000070af00000, 0x000000070af00000, 0x000000070b000000|  0%| F|  |TAMS 0x000000070af00000, 0x000000070af00000| Untracked 
|  12|0x000000070b000000, 0x000000070b000000, 0x000000070b100000|  0%| F|  |TAMS 0x000000070b000000, 0x000000070b000000| Untracked 
|  13|0x000000070b100000, 0x000000070b100000, 0x000000070b200000|  0%| F|  |TAMS 0x000000070b100000, 0x000000070b100000| Untracked 
|  14|0x000000070b200000, 0x000000070b200000, 0x000000070b300000|  0%| F|  |TAMS 0x000000070b200000, 0x000000070b200000| Untracked 
|  15|0x000000070b300000, 0x000000070b300000, 0x000000070b400000|  0%| F|  |TAMS 0x000000070b300000, 0x000000070b300000| Untracked 
|  16|0x000000070b400000, 0x000000070b400000, 0x000000070b500000|  0%| F|  |TAMS 0x000000070b400000, 0x000000070b400000| Untracked 
|  17|0x000000070b500000, 0x000000070b500000, 0x000000070b600000|  0%| F|  |TAMS 0x000000070b500000, 0x000000070b500000| Untracked 
|  18|0x000000070b600000, 0x000000070b600000, 0x000000070b700000|  0%| F|  |TAMS 0x000000070b600000, 0x000000070b600000| Untracked 
|  19|0x000000070b700000, 0x000000070b700000, 0x000000070b800000|  0%| F|  |TAMS 0x000000070b700000, 0x000000070b700000| Untracked 
|  20|0x000000070b800000, 0x000000070b800000, 0x000000070b900000|  0%| F|  |TAMS 0x000000070b800000, 0x000000070b800000| Untracked 
|  21|0x000000070b900000, 0x000000070b900000, 0x000000070ba00000|  0%| F|  |TAMS 0x000000070b900000, 0x000000070b900000| Untracked 
|  22|0x000000070ba00000, 0x000000070ba00000, 0x000000070bb00000|  0%| F|  |TAMS 0x000000070ba00000, 0x000000070ba00000| Untracked 
|  23|0x000000070bb00000, 0x000000070bb00000, 0x000000070bc00000|  0%| F|  |TAMS 0x000000070bb00000, 0x000000070bb00000| Untracked 
|  24|0x000000070bc00000, 0x000000070bc00000, 0x000000070bd00000|  0%| F|  |TAMS 0x000000070bc00000, 0x000000070bc00000| Untracked 
|  25|0x000000070bd00000, 0x000000070bd00000, 0x000000070be00000|  0%| F|  |TAMS 0x000000070bd00000, 0x000000070bd00000| Untracked 
|  26|0x000000070be00000, 0x000000070be00000, 0x000000070bf00000|  0%| F|  |TAMS 0x000000070be00000, 0x000000070be00000| Untracked 
|  27|0x000000070bf00000, 0x000000070bf00000, 0x000000070c000000|  0%| F|  |TAMS 0x000000070bf00000, 0x000000070bf00000| Untracked 
|  28|0x000000070c000000, 0x000000070c000000, 0x000000070c100000|  0%| F|  |TAMS 0x000000070c000000, 0x000000070c000000| Untracked 
|  29|0x000000070c100000, 0x000000070c100000, 0x000000070c200000|  0%| F|  |TAMS 0x000000070c100000, 0x000000070c100000| Untracked 
|  30|0x000000070c200000, 0x000000070c200000, 0x000000070c300000|  0%| F|  |TAMS 0x000000070c200000, 0x000000070c200000| Untracked 
|  31|0x000000070c300000, 0x000000070c300000, 0x000000070c400000|  0%| F|  |TAMS 0x000000070c300000, 0x000000070c300000| Untracked 
|  32|0x000000070c400000, 0x000000070c400000, 0x000000070c500000|  0%| F|  |TAMS 0x000000070c400000, 0x000000070c400000| Untracked 
|  33|0x000000070c500000, 0x000000070c500000, 0x000000070c600000|  0%| F|  |TAMS 0x000000070c500000, 0x000000070c500000| Untracked 
|  34|0x000000070c600000, 0x000000070c600000, 0x000000070c700000|  0%| F|  |TAMS 0x000000070c600000, 0x000000070c600000| Untracked 
|  35|0x000000070c700000, 0x000000070c700000, 0x000000070c800000|  0%| F|  |TAMS 0x000000070c700000, 0x000000070c700000| Untracked 
|  36|0x000000070c800000, 0x000000070c800000, 0x000000070c900000|  0%| F|  |TAMS 0x000000070c800000, 0x000000070c800000| Untracked 
|  37|0x000000070c900000, 0x000000070c900000, 0x000000070ca00000|  0%| F|  |TAMS 0x000000070c900000, 0x000000070c900000| Untracked 
|  38|0x000000070ca00000, 0x000000070ca00000, 0x000000070cb00000|  0%| F|  |TAMS 0x000000070ca00000, 0x000000070ca00000| Untracked 
|  39|0x000000070cb00000, 0x000000070cb00000, 0x000000070cc00000|  0%| F|  |TAMS 0x000000070cb00000, 0x000000070cb00000| Untracked 
|  40|0x000000070cc00000, 0x000000070cc00000, 0x000000070cd00000|  0%| F|  |TAMS 0x000000070cc00000, 0x000000070cc00000| Untracked 
|  41|0x000000070cd00000, 0x000000070cd00000, 0x000000070ce00000|  0%| F|  |TAMS 0x000000070cd00000, 0x000000070cd00000| Untracked 
|  42|0x000000070ce00000, 0x000000070ce00000, 0x000000070cf00000|  0%| F|  |TAMS 0x000000070ce00000, 0x000000070ce00000| Untracked 
|  43|0x000000070cf00000, 0x000000070cf00000, 0x000000070d000000|  0%| F|  |TAMS 0x000000070cf00000, 0x000000070cf00000| Untracked 
|  44|0x000000070d000000, 0x000000070d000000, 0x000000070d100000|  0%| F|  |TAMS 0x000000070d000000, 0x000000070d000000| Untracked 
|  45|0x000000070d100000, 0x000000070d100000, 0x000000070d200000|  0%| F|  |TAMS 0x000000070d100000, 0x000000070d100000| Untracked 
|  46|0x000000070d200000, 0x000000070d200000, 0x000000070d300000|  0%| F|  |TAMS 0x000000070d200000, 0x000000070d200000| Untracked 
|  47|0x000000070d300000, 0x000000070d300000, 0x000000070d400000|  0%| F|  |TAMS 0x000000070d300000, 0x000000070d300000| Untracked 
|  48|0x000000070d400000, 0x000000070d400000, 0x000000070d500000|  0%| F|  |TAMS 0x000000070d400000, 0x000000070d400000| Untracked 
|  49|0x000000070d500000, 0x000000070d500000, 0x000000070d600000|  0%| F|  |TAMS 0x000000070d500000, 0x000000070d500000| Untracked 
|  50|0x000000070d600000, 0x000000070d600000, 0x000000070d700000|  0%| F|  |TAMS 0x000000070d600000, 0x000000070d600000| Untracked 
|  51|0x000000070d700000, 0x000000070d700000, 0x000000070d800000|  0%| F|  |TAMS 0x000000070d700000, 0x000000070d700000| Untracked 
|  52|0x000000070d800000, 0x000000070d800000, 0x000000070d900000|  0%| F|  |TAMS 0x000000070d800000, 0x000000070d800000| Untracked 
|  53|0x000000070d900000, 0x000000070d900000, 0x000000070da00000|  0%| F|  |TAMS 0x000000070d900000, 0x000000070d900000| Untracked 
|  54|0x000000070da00000, 0x000000070da00000, 0x000000070db00000|  0%| F|  |TAMS 0x000000070da00000, 0x000000070da00000| Untracked 
|  55|0x000000070db00000, 0x000000070db00000, 0x000000070dc00000|  0%| F|  |TAMS 0x000000070db00000, 0x000000070db00000| Untracked 
|  56|0x000000070dc00000, 0x000000070dc00000, 0x000000070dd00000|  0%| F|  |TAMS 0x000000070dc00000, 0x000000070dc00000| Untracked 
|  57|0x000000070dd00000, 0x000000070dd00000, 0x000000070de00000|  0%| F|  |TAMS 0x000000070dd00000, 0x000000070dd00000| Untracked 
|  58|0x000000070de00000, 0x000000070de00000, 0x000000070df00000|  0%| F|  |TAMS 0x000000070de00000, 0x000000070de00000| Untracked 
|  59|0x000000070df00000, 0x000000070df00000, 0x000000070e000000|  0%| F|  |TAMS 0x000000070df00000, 0x000000070df00000| Untracked 
|  60|0x000000070e000000, 0x000000070e000000, 0x000000070e100000|  0%| F|  |TAMS 0x000000070e000000, 0x000000070e000000| Untracked 
|  61|0x000000070e100000, 0x000000070e100000, 0x000000070e200000|  0%| F|  |TAMS 0x000000070e100000, 0x000000070e100000| Untracked 
|  62|0x000000070e200000, 0x000000070e200000, 0x000000070e300000|  0%| F|  |TAMS 0x000000070e200000, 0x000000070e200000| Untracked 
|  63|0x000000070e300000, 0x000000070e300000, 0x000000070e400000|  0%| F|  |TAMS 0x000000070e300000, 0x000000070e300000| Untracked 
|  64|0x000000070e400000, 0x000000070e400000, 0x000000070e500000|  0%| F|  |TAMS 0x000000070e400000, 0x000000070e400000| Untracked 
|  65|0x000000070e500000, 0x000000070e500000, 0x000000070e600000|  0%| F|  |TAMS 0x000000070e500000, 0x000000070e500000| Untracked 
|  66|0x000000070e600000, 0x000000070e600000, 0x000000070e700000|  0%| F|  |TAMS 0x000000070e600000, 0x000000070e600000| Untracked 
|  67|0x000000070e700000, 0x000000070e700000, 0x000000070e800000|  0%| F|  |TAMS 0x000000070e700000, 0x000000070e700000| Untracked 
|  68|0x000000070e800000, 0x000000070e800000, 0x000000070e900000|  0%| F|  |TAMS 0x000000070e800000, 0x000000070e800000| Untracked 
|  69|0x000000070e900000, 0x000000070e900000, 0x000000070ea00000|  0%| F|  |TAMS 0x000000070e900000, 0x000000070e900000| Untracked 
|  70|0x000000070ea00000, 0x000000070ea00000, 0x000000070eb00000|  0%| F|  |TAMS 0x000000070ea00000, 0x000000070ea00000| Untracked 
|  71|0x000000070eb00000, 0x000000070eb00000, 0x000000070ec00000|  0%| F|  |TAMS 0x000000070eb00000, 0x000000070eb00000| Untracked 
|  72|0x000000070ec00000, 0x000000070ec00000, 0x000000070ed00000|  0%| F|  |TAMS 0x000000070ec00000, 0x000000070ec00000| Untracked 
|  73|0x000000070ed00000, 0x000000070ed00000, 0x000000070ee00000|  0%| F|  |TAMS 0x000000070ed00000, 0x000000070ed00000| Untracked 
|  74|0x000000070ee00000, 0x000000070ee00000, 0x000000070ef00000|  0%| F|  |TAMS 0x000000070ee00000, 0x000000070ee00000| Untracked 
|  75|0x000000070ef00000, 0x000000070ef00000, 0x000000070f000000|  0%| F|  |TAMS 0x000000070ef00000, 0x000000070ef00000| Untracked 
|  76|0x000000070f000000, 0x000000070f000000, 0x000000070f100000|  0%| F|  |TAMS 0x000000070f000000, 0x000000070f000000| Untracked 
|  77|0x000000070f100000, 0x000000070f100000, 0x000000070f200000|  0%| F|  |TAMS 0x000000070f100000, 0x000000070f100000| Untracked 
|  78|0x000000070f200000, 0x000000070f200000, 0x000000070f300000|  0%| F|  |TAMS 0x000000070f200000, 0x000000070f200000| Untracked 
|  79|0x000000070f300000, 0x000000070f300000, 0x000000070f400000|  0%| F|  |TAMS 0x000000070f300000, 0x000000070f300000| Untracked 
|  80|0x000000070f400000, 0x000000070f400000, 0x000000070f500000|  0%| F|  |TAMS 0x000000070f400000, 0x000000070f400000| Untracked 
|  81|0x000000070f500000, 0x000000070f500000, 0x000000070f600000|  0%| F|  |TAMS 0x000000070f500000, 0x000000070f500000| Untracked 
|  82|0x000000070f600000, 0x000000070f600000, 0x000000070f700000|  0%| F|  |TAMS 0x000000070f600000, 0x000000070f600000| Untracked 
|  83|0x000000070f700000, 0x000000070f700000, 0x000000070f800000|  0%| F|  |TAMS 0x000000070f700000, 0x000000070f700000| Untracked 
|  84|0x000000070f800000, 0x000000070f800000, 0x000000070f900000|  0%| F|  |TAMS 0x000000070f800000, 0x000000070f800000| Untracked 
|  85|0x000000070f900000, 0x000000070f900000, 0x000000070fa00000|  0%| F|  |TAMS 0x000000070f900000, 0x000000070f900000| Untracked 
|  86|0x000000070fa00000, 0x000000070fa00000, 0x000000070fb00000|  0%| F|  |TAMS 0x000000070fa00000, 0x000000070fa00000| Untracked 
|  87|0x000000070fb00000, 0x000000070fb00000, 0x000000070fc00000|  0%| F|  |TAMS 0x000000070fb00000, 0x000000070fb00000| Untracked 
|  88|0x000000070fc00000, 0x000000070fce0a00, 0x000000070fd00000| 87%| S|CS|TAMS 0x000000070fc00000, 0x000000070fc00000| Complete 
|  89|0x000000070fd00000, 0x000000070fe00000, 0x000000070fe00000|100%| S|CS|TAMS 0x000000070fd00000, 0x000000070fd00000| Complete 
|  90|0x000000070fe00000, 0x000000070ff00000, 0x000000070ff00000|100%| S|CS|TAMS 0x000000070fe00000, 0x000000070fe00000| Complete 
|  91|0x000000070ff00000, 0x0000000710000000, 0x0000000710000000|100%| S|CS|TAMS 0x000000070ff00000, 0x000000070ff00000| Complete 
|  92|0x0000000710000000, 0x0000000710100000, 0x0000000710100000|100%| S|CS|TAMS 0x0000000710000000, 0x0000000710000000| Complete 
|  93|0x0000000710100000, 0x0000000710200000, 0x0000000710200000|100%| S|CS|TAMS 0x0000000710100000, 0x0000000710100000| Complete 
|  94|0x0000000710200000, 0x0000000710300000, 0x0000000710300000|100%| S|CS|TAMS 0x0000000710200000, 0x0000000710200000| Complete 
|  95|0x0000000710300000, 0x0000000710400000, 0x0000000710400000|100%| S|CS|TAMS 0x0000000710300000, 0x0000000710300000| Complete 
|  96|0x0000000710400000, 0x0000000710500000, 0x0000000710500000|100%| S|CS|TAMS 0x0000000710400000, 0x0000000710400000| Complete 
|  97|0x0000000710500000, 0x0000000710600000, 0x0000000710600000|100%| S|CS|TAMS 0x0000000710500000, 0x0000000710500000| Complete 
|  98|0x0000000710600000, 0x0000000710700000, 0x0000000710700000|100%| S|CS|TAMS 0x0000000710600000, 0x0000000710600000| Complete 
|  99|0x0000000710700000, 0x0000000710700000, 0x0000000710800000|  0%| F|  |TAMS 0x0000000710700000, 0x0000000710700000| Untracked 
| 100|0x0000000710800000, 0x0000000710800000, 0x0000000710900000|  0%| F|  |TAMS 0x0000000710800000, 0x0000000710800000| Untracked 
| 101|0x0000000710900000, 0x0000000710900000, 0x0000000710a00000|  0%| F|  |TAMS 0x0000000710900000, 0x0000000710900000| Untracked 
| 102|0x0000000710a00000, 0x0000000710a00000, 0x0000000710b00000|  0%| F|  |TAMS 0x0000000710a00000, 0x0000000710a00000| Untracked 
| 103|0x0000000710b00000, 0x0000000710b00000, 0x0000000710c00000|  0%| F|  |TAMS 0x0000000710b00000, 0x0000000710b00000| Untracked 
| 104|0x0000000710c00000, 0x0000000710c00000, 0x0000000710d00000|  0%| F|  |TAMS 0x0000000710c00000, 0x0000000710c00000| Untracked 
| 105|0x0000000710d00000, 0x0000000710d00000, 0x0000000710e00000|  0%| F|  |TAMS 0x0000000710d00000, 0x0000000710d00000| Untracked 
| 106|0x0000000710e00000, 0x0000000710e00000, 0x0000000710f00000|  0%| F|  |TAMS 0x0000000710e00000, 0x0000000710e00000| Untracked 
| 107|0x0000000710f00000, 0x0000000710f00000, 0x0000000711000000|  0%| F|  |TAMS 0x0000000710f00000, 0x0000000710f00000| Untracked 
| 108|0x0000000711000000, 0x0000000711000000, 0x0000000711100000|  0%| F|  |TAMS 0x0000000711000000, 0x0000000711000000| Untracked 
| 109|0x0000000711100000, 0x0000000711100000, 0x0000000711200000|  0%| F|  |TAMS 0x0000000711100000, 0x0000000711100000| Untracked 
| 110|0x0000000711200000, 0x0000000711200000, 0x0000000711300000|  0%| F|  |TAMS 0x0000000711200000, 0x0000000711200000| Untracked 
| 111|0x0000000711300000, 0x0000000711300000, 0x0000000711400000|  0%| F|  |TAMS 0x0000000711300000, 0x0000000711300000| Untracked 
| 112|0x0000000711400000, 0x0000000711400000, 0x0000000711500000|  0%| F|  |TAMS 0x0000000711400000, 0x0000000711400000| Untracked 
| 113|0x0000000711500000, 0x0000000711500000, 0x0000000711600000|  0%| F|  |TAMS 0x0000000711500000, 0x0000000711500000| Untracked 
| 114|0x0000000711600000, 0x0000000711600000, 0x0000000711700000|  0%| F|  |TAMS 0x0000000711600000, 0x0000000711600000| Untracked 
| 115|0x0000000711700000, 0x0000000711700000, 0x0000000711800000|  0%| F|  |TAMS 0x0000000711700000, 0x0000000711700000| Untracked 
| 116|0x0000000711800000, 0x0000000711800000, 0x0000000711900000|  0%| F|  |TAMS 0x0000000711800000, 0x0000000711800000| Untracked 
| 117|0x0000000711900000, 0x0000000711900000, 0x0000000711a00000|  0%| F|  |TAMS 0x0000000711900000, 0x0000000711900000| Untracked 
| 118|0x0000000711a00000, 0x0000000711a00000, 0x0000000711b00000|  0%| F|  |TAMS 0x0000000711a00000, 0x0000000711a00000| Untracked 
| 119|0x0000000711b00000, 0x0000000711b00000, 0x0000000711c00000|  0%| F|  |TAMS 0x0000000711b00000, 0x0000000711b00000| Untracked 
| 120|0x0000000711c00000, 0x0000000711c00000, 0x0000000711d00000|  0%| F|  |TAMS 0x0000000711c00000, 0x0000000711c00000| Untracked 
| 121|0x0000000711d00000, 0x0000000711d00000, 0x0000000711e00000|  0%| F|  |TAMS 0x0000000711d00000, 0x0000000711d00000| Untracked 
| 122|0x0000000711e00000, 0x0000000711e00000, 0x0000000711f00000|  0%| F|  |TAMS 0x0000000711e00000, 0x0000000711e00000| Untracked 
| 123|0x0000000711f00000, 0x0000000711f00000, 0x0000000712000000|  0%| F|  |TAMS 0x0000000711f00000, 0x0000000711f00000| Untracked 
| 124|0x0000000712000000, 0x0000000712000000, 0x0000000712100000|  0%| F|  |TAMS 0x0000000712000000, 0x0000000712000000| Untracked 
| 125|0x0000000712100000, 0x0000000712100000, 0x0000000712200000|  0%| F|  |TAMS 0x0000000712100000, 0x0000000712100000| Untracked 
| 126|0x0000000712200000, 0x0000000712200000, 0x0000000712300000|  0%| F|  |TAMS 0x0000000712200000, 0x0000000712200000| Untracked 
| 127|0x0000000712300000, 0x0000000712300000, 0x0000000712400000|  0%| F|  |TAMS 0x0000000712300000, 0x0000000712300000| Untracked 
| 128|0x0000000712400000, 0x0000000712400000, 0x0000000712500000|  0%| F|  |TAMS 0x0000000712400000, 0x0000000712400000| Untracked 
| 129|0x0000000712500000, 0x0000000712500000, 0x0000000712600000|  0%| F|  |TAMS 0x0000000712500000, 0x0000000712500000| Untracked 
| 130|0x0000000712600000, 0x0000000712600000, 0x0000000712700000|  0%| F|  |TAMS 0x0000000712600000, 0x0000000712600000| Untracked 
| 131|0x0000000712700000, 0x0000000712700000, 0x0000000712800000|  0%| F|  |TAMS 0x0000000712700000, 0x0000000712700000| Untracked 
| 132|0x0000000712800000, 0x0000000712800000, 0x0000000712900000|  0%| F|  |TAMS 0x0000000712800000, 0x0000000712800000| Untracked 
| 133|0x0000000712900000, 0x0000000712900000, 0x0000000712a00000|  0%| F|  |TAMS 0x0000000712900000, 0x0000000712900000| Untracked 
| 134|0x0000000712a00000, 0x0000000712a00000, 0x0000000712b00000|  0%| F|  |TAMS 0x0000000712a00000, 0x0000000712a00000| Untracked 
| 135|0x0000000712b00000, 0x0000000712b00000, 0x0000000712c00000|  0%| F|  |TAMS 0x0000000712b00000, 0x0000000712b00000| Untracked 
| 136|0x0000000712c00000, 0x0000000712c00000, 0x0000000712d00000|  0%| F|  |TAMS 0x0000000712c00000, 0x0000000712c00000| Untracked 
| 137|0x0000000712d00000, 0x0000000712d00000, 0x0000000712e00000|  0%| F|  |TAMS 0x0000000712d00000, 0x0000000712d00000| Untracked 
| 138|0x0000000712e00000, 0x0000000712e00000, 0x0000000712f00000|  0%| F|  |TAMS 0x0000000712e00000, 0x0000000712e00000| Untracked 
| 139|0x0000000712f00000, 0x0000000712f00000, 0x0000000713000000|  0%| F|  |TAMS 0x0000000712f00000, 0x0000000712f00000| Untracked 
| 140|0x0000000713000000, 0x0000000713000000, 0x0000000713100000|  0%| F|  |TAMS 0x0000000713000000, 0x0000000713000000| Untracked 
| 141|0x0000000713100000, 0x0000000713100000, 0x0000000713200000|  0%| F|  |TAMS 0x0000000713100000, 0x0000000713100000| Untracked 
| 142|0x0000000713200000, 0x0000000713200000, 0x0000000713300000|  0%| F|  |TAMS 0x0000000713200000, 0x0000000713200000| Untracked 
| 143|0x0000000713300000, 0x0000000713300000, 0x0000000713400000|  0%| F|  |TAMS 0x0000000713300000, 0x0000000713300000| Untracked 
| 144|0x0000000713400000, 0x0000000713400000, 0x0000000713500000|  0%| F|  |TAMS 0x0000000713400000, 0x0000000713400000| Untracked 
| 145|0x0000000713500000, 0x0000000713500000, 0x0000000713600000|  0%| F|  |TAMS 0x0000000713500000, 0x0000000713500000| Untracked 
| 146|0x0000000713600000, 0x0000000713600000, 0x0000000713700000|  0%| F|  |TAMS 0x0000000713600000, 0x0000000713600000| Untracked 
| 147|0x0000000713700000, 0x0000000713700000, 0x0000000713800000|  0%| F|  |TAMS 0x0000000713700000, 0x0000000713700000| Untracked 
| 148|0x0000000713800000, 0x0000000713800000, 0x0000000713900000|  0%| F|  |TAMS 0x0000000713800000, 0x0000000713800000| Untracked 
| 149|0x0000000713900000, 0x0000000713900000, 0x0000000713a00000|  0%| F|  |TAMS 0x0000000713900000, 0x0000000713900000| Untracked 
| 150|0x0000000713a00000, 0x0000000713a00000, 0x0000000713b00000|  0%| F|  |TAMS 0x0000000713a00000, 0x0000000713a00000| Untracked 
| 151|0x0000000713b00000, 0x0000000713b00000, 0x0000000713c00000|  0%| F|  |TAMS 0x0000000713b00000, 0x0000000713b00000| Untracked 
| 152|0x0000000713c00000, 0x0000000713c00000, 0x0000000713d00000|  0%| F|  |TAMS 0x0000000713c00000, 0x0000000713c00000| Untracked 
| 153|0x0000000713d00000, 0x0000000713d00000, 0x0000000713e00000|  0%| F|  |TAMS 0x0000000713d00000, 0x0000000713d00000| Untracked 
| 154|0x0000000713e00000, 0x0000000713e00000, 0x0000000713f00000|  0%| F|  |TAMS 0x0000000713e00000, 0x0000000713e00000| Untracked 
| 155|0x0000000713f00000, 0x0000000713f00000, 0x0000000714000000|  0%| F|  |TAMS 0x0000000713f00000, 0x0000000713f00000| Untracked 
| 156|0x0000000714000000, 0x0000000714000000, 0x0000000714100000|  0%| F|  |TAMS 0x0000000714000000, 0x0000000714000000| Untracked 
| 157|0x0000000714100000, 0x0000000714100000, 0x0000000714200000|  0%| F|  |TAMS 0x0000000714100000, 0x0000000714100000| Untracked 
| 158|0x0000000714200000, 0x0000000714200000, 0x0000000714300000|  0%| F|  |TAMS 0x0000000714200000, 0x0000000714200000| Untracked 
| 159|0x0000000714300000, 0x0000000714300000, 0x0000000714400000|  0%| F|  |TAMS 0x0000000714300000, 0x0000000714300000| Untracked 
| 160|0x0000000714400000, 0x0000000714400000, 0x0000000714500000|  0%| F|  |TAMS 0x0000000714400000, 0x0000000714400000| Untracked 
| 161|0x0000000714500000, 0x0000000714500000, 0x0000000714600000|  0%| F|  |TAMS 0x0000000714500000, 0x0000000714500000| Untracked 
| 162|0x0000000714600000, 0x0000000714600000, 0x0000000714700000|  0%| F|  |TAMS 0x0000000714600000, 0x0000000714600000| Untracked 
| 163|0x0000000714700000, 0x0000000714700000, 0x0000000714800000|  0%| F|  |TAMS 0x0000000714700000, 0x0000000714700000| Untracked 
| 164|0x0000000714800000, 0x0000000714800000, 0x0000000714900000|  0%| F|  |TAMS 0x0000000714800000, 0x0000000714800000| Untracked 
| 165|0x0000000714900000, 0x0000000714900000, 0x0000000714a00000|  0%| F|  |TAMS 0x0000000714900000, 0x0000000714900000| Untracked 
| 166|0x0000000714a00000, 0x0000000714a00000, 0x0000000714b00000|  0%| F|  |TAMS 0x0000000714a00000, 0x0000000714a00000| Untracked 
| 167|0x0000000714b00000, 0x0000000714b00000, 0x0000000714c00000|  0%| F|  |TAMS 0x0000000714b00000, 0x0000000714b00000| Untracked 
| 168|0x0000000714c00000, 0x0000000714c00000, 0x0000000714d00000|  0%| F|  |TAMS 0x0000000714c00000, 0x0000000714c00000| Untracked 
| 169|0x0000000714d00000, 0x0000000714d00000, 0x0000000714e00000|  0%| F|  |TAMS 0x0000000714d00000, 0x0000000714d00000| Untracked 
| 170|0x0000000714e00000, 0x0000000714e00000, 0x0000000714f00000|  0%| F|  |TAMS 0x0000000714e00000, 0x0000000714e00000| Untracked 
| 171|0x0000000714f00000, 0x0000000714f00000, 0x0000000715000000|  0%| F|  |TAMS 0x0000000714f00000, 0x0000000714f00000| Untracked 
| 172|0x0000000715000000, 0x0000000715000000, 0x0000000715100000|  0%| F|  |TAMS 0x0000000715000000, 0x0000000715000000| Untracked 
| 173|0x0000000715100000, 0x0000000715100000, 0x0000000715200000|  0%| F|  |TAMS 0x0000000715100000, 0x0000000715100000| Untracked 
| 174|0x0000000715200000, 0x0000000715200000, 0x0000000715300000|  0%| F|  |TAMS 0x0000000715200000, 0x0000000715200000| Untracked 
| 175|0x0000000715300000, 0x0000000715300000, 0x0000000715400000|  0%| F|  |TAMS 0x0000000715300000, 0x0000000715300000| Untracked 
| 176|0x0000000715400000, 0x0000000715400000, 0x0000000715500000|  0%| F|  |TAMS 0x0000000715400000, 0x0000000715400000| Untracked 
| 177|0x0000000715500000, 0x0000000715500000, 0x0000000715600000|  0%| F|  |TAMS 0x0000000715500000, 0x0000000715500000| Untracked 
| 178|0x0000000715600000, 0x0000000715600000, 0x0000000715700000|  0%| F|  |TAMS 0x0000000715600000, 0x0000000715600000| Untracked 
| 179|0x0000000715700000, 0x0000000715700000, 0x0000000715800000|  0%| F|  |TAMS 0x0000000715700000, 0x0000000715700000| Untracked 
| 180|0x0000000715800000, 0x0000000715800000, 0x0000000715900000|  0%| F|  |TAMS 0x0000000715800000, 0x0000000715800000| Untracked 
| 181|0x0000000715900000, 0x0000000715980800, 0x0000000715a00000| 50%| E|  |TAMS 0x0000000715900000, 0x0000000715900000| Complete 
| 182|0x0000000715a00000, 0x0000000715b00000, 0x0000000715b00000|100%| E|CS|TAMS 0x0000000715a00000, 0x0000000715a00000| Complete 
| 183|0x0000000715b00000, 0x0000000715c00000, 0x0000000715c00000|100%| E|CS|TAMS 0x0000000715b00000, 0x0000000715b00000| Complete 
| 184|0x0000000715c00000, 0x0000000715d00000, 0x0000000715d00000|100%| E|CS|TAMS 0x0000000715c00000, 0x0000000715c00000| Complete 
| 185|0x0000000715d00000, 0x0000000715e00000, 0x0000000715e00000|100%| E|CS|TAMS 0x0000000715d00000, 0x0000000715d00000| Complete 
| 186|0x0000000715e00000, 0x0000000715f00000, 0x0000000715f00000|100%| E|CS|TAMS 0x0000000715e00000, 0x0000000715e00000| Complete 
| 187|0x0000000715f00000, 0x0000000716000000, 0x0000000716000000|100%| E|CS|TAMS 0x0000000715f00000, 0x0000000715f00000| Complete 
| 188|0x0000000716000000, 0x0000000716100000, 0x0000000716100000|100%| E|CS|TAMS 0x0000000716000000, 0x0000000716000000| Complete 
| 189|0x0000000716100000, 0x0000000716200000, 0x0000000716200000|100%| E|CS|TAMS 0x0000000716100000, 0x0000000716100000| Complete 
| 190|0x0000000716200000, 0x0000000716300000, 0x0000000716300000|100%| E|CS|TAMS 0x0000000716200000, 0x0000000716200000| Complete 
| 191|0x0000000716300000, 0x0000000716400000, 0x0000000716400000|100%| E|CS|TAMS 0x0000000716300000, 0x0000000716300000| Complete 
| 192|0x0000000716400000, 0x0000000716500000, 0x0000000716500000|100%| E|CS|TAMS 0x0000000716400000, 0x0000000716400000| Complete 
| 193|0x0000000716500000, 0x0000000716600000, 0x0000000716600000|100%| E|CS|TAMS 0x0000000716500000, 0x0000000716500000| Complete 
| 194|0x0000000716600000, 0x0000000716700000, 0x0000000716700000|100%| E|CS|TAMS 0x0000000716600000, 0x0000000716600000| Complete 
| 195|0x0000000716700000, 0x0000000716800000, 0x0000000716800000|100%| E|CS|TAMS 0x0000000716700000, 0x0000000716700000| Complete 
| 196|0x0000000716800000, 0x0000000716900000, 0x0000000716900000|100%| E|CS|TAMS 0x0000000716800000, 0x0000000716800000| Complete 
| 197|0x0000000716900000, 0x0000000716a00000, 0x0000000716a00000|100%| E|CS|TAMS 0x0000000716900000, 0x0000000716900000| Complete 
| 198|0x0000000716a00000, 0x0000000716b00000, 0x0000000716b00000|100%| E|CS|TAMS 0x0000000716a00000, 0x0000000716a00000| Complete 
| 199|0x0000000716b00000, 0x0000000716c00000, 0x0000000716c00000|100%| E|CS|TAMS 0x0000000716b00000, 0x0000000716b00000| Complete 
| 200|0x0000000716c00000, 0x0000000716d00000, 0x0000000716d00000|100%| E|CS|TAMS 0x0000000716c00000, 0x0000000716c00000| Complete 
| 201|0x0000000716d00000, 0x0000000716e00000, 0x0000000716e00000|100%| E|CS|TAMS 0x0000000716d00000, 0x0000000716d00000| Complete 
| 202|0x0000000716e00000, 0x0000000716f00000, 0x0000000716f00000|100%| E|CS|TAMS 0x0000000716e00000, 0x0000000716e00000| Complete 
| 203|0x0000000716f00000, 0x0000000717000000, 0x0000000717000000|100%| E|CS|TAMS 0x0000000716f00000, 0x0000000716f00000| Complete 
| 204|0x0000000717000000, 0x0000000717100000, 0x0000000717100000|100%| E|CS|TAMS 0x0000000717000000, 0x0000000717000000| Complete 
| 205|0x0000000717100000, 0x0000000717200000, 0x0000000717200000|100%| E|CS|TAMS 0x0000000717100000, 0x0000000717100000| Complete 
| 206|0x0000000717200000, 0x0000000717300000, 0x0000000717300000|100%| E|CS|TAMS 0x0000000717200000, 0x0000000717200000| Complete 
| 207|0x0000000717300000, 0x0000000717400000, 0x0000000717400000|100%| E|CS|TAMS 0x0000000717300000, 0x0000000717300000| Complete 
| 208|0x0000000717400000, 0x0000000717500000, 0x0000000717500000|100%| E|CS|TAMS 0x0000000717400000, 0x0000000717400000| Complete 
| 209|0x0000000717500000, 0x0000000717600000, 0x0000000717600000|100%| E|CS|TAMS 0x0000000717500000, 0x0000000717500000| Complete 
| 210|0x0000000717600000, 0x0000000717700000, 0x0000000717700000|100%| E|CS|TAMS 0x0000000717600000, 0x0000000717600000| Complete 
| 211|0x0000000717700000, 0x0000000717800000, 0x0000000717800000|100%| E|CS|TAMS 0x0000000717700000, 0x0000000717700000| Complete 
| 212|0x0000000717800000, 0x0000000717900000, 0x0000000717900000|100%| E|CS|TAMS 0x0000000717800000, 0x0000000717800000| Complete 
| 213|0x0000000717900000, 0x0000000717a00000, 0x0000000717a00000|100%| E|CS|TAMS 0x0000000717900000, 0x0000000717900000| Complete 
| 214|0x0000000717a00000, 0x0000000717b00000, 0x0000000717b00000|100%| E|CS|TAMS 0x0000000717a00000, 0x0000000717a00000| Complete 
| 215|0x0000000717b00000, 0x0000000717c00000, 0x0000000717c00000|100%| E|CS|TAMS 0x0000000717b00000, 0x0000000717b00000| Complete 
| 216|0x0000000717c00000, 0x0000000717d00000, 0x0000000717d00000|100%| E|CS|TAMS 0x0000000717c00000, 0x0000000717c00000| Complete 
| 217|0x0000000717d00000, 0x0000000717e00000, 0x0000000717e00000|100%| E|CS|TAMS 0x0000000717d00000, 0x0000000717d00000| Complete 
| 218|0x0000000717e00000, 0x0000000717f00000, 0x0000000717f00000|100%| E|CS|TAMS 0x0000000717e00000, 0x0000000717e00000| Complete 
| 219|0x0000000717f00000, 0x0000000718000000, 0x0000000718000000|100%| E|CS|TAMS 0x0000000717f00000, 0x0000000717f00000| Complete 
| 220|0x0000000718000000, 0x0000000718100000, 0x0000000718100000|100%| E|CS|TAMS 0x0000000718000000, 0x0000000718000000| Complete 
| 221|0x0000000718100000, 0x0000000718200000, 0x0000000718200000|100%| E|CS|TAMS 0x0000000718100000, 0x0000000718100000| Complete 
| 222|0x0000000718200000, 0x0000000718300000, 0x0000000718300000|100%| E|CS|TAMS 0x0000000718200000, 0x0000000718200000| Complete 
| 223|0x0000000718300000, 0x0000000718400000, 0x0000000718400000|100%| E|CS|TAMS 0x0000000718300000, 0x0000000718300000| Complete 
| 224|0x0000000718400000, 0x0000000718500000, 0x0000000718500000|100%| E|CS|TAMS 0x0000000718400000, 0x0000000718400000| Complete 
| 225|0x0000000718500000, 0x0000000718600000, 0x0000000718600000|100%| E|CS|TAMS 0x0000000718500000, 0x0000000718500000| Complete 
| 226|0x0000000718600000, 0x0000000718700000, 0x0000000718700000|100%| E|CS|TAMS 0x0000000718600000, 0x0000000718600000| Complete 
| 227|0x0000000718700000, 0x0000000718800000, 0x0000000718800000|100%| E|CS|TAMS 0x0000000718700000, 0x0000000718700000| Complete 
| 228|0x0000000718800000, 0x0000000718900000, 0x0000000718900000|100%| E|CS|TAMS 0x0000000718800000, 0x0000000718800000| Complete 
| 229|0x0000000718900000, 0x0000000718a00000, 0x0000000718a00000|100%| E|CS|TAMS 0x0000000718900000, 0x0000000718900000| Complete 
| 230|0x0000000718a00000, 0x0000000718b00000, 0x0000000718b00000|100%| E|CS|TAMS 0x0000000718a00000, 0x0000000718a00000| Complete 
| 231|0x0000000718b00000, 0x0000000718c00000, 0x0000000718c00000|100%| E|CS|TAMS 0x0000000718b00000, 0x0000000718b00000| Complete 
| 232|0x0000000718c00000, 0x0000000718d00000, 0x0000000718d00000|100%| E|CS|TAMS 0x0000000718c00000, 0x0000000718c00000| Complete 
| 233|0x0000000718d00000, 0x0000000718e00000, 0x0000000718e00000|100%| E|CS|TAMS 0x0000000718d00000, 0x0000000718d00000| Complete 
| 234|0x0000000718e00000, 0x0000000718f00000, 0x0000000718f00000|100%| E|CS|TAMS 0x0000000718e00000, 0x0000000718e00000| Complete 
| 235|0x0000000718f00000, 0x0000000719000000, 0x0000000719000000|100%| E|CS|TAMS 0x0000000718f00000, 0x0000000718f00000| Complete 
| 236|0x0000000719000000, 0x0000000719100000, 0x0000000719100000|100%| E|CS|TAMS 0x0000000719000000, 0x0000000719000000| Complete 
| 237|0x0000000719100000, 0x0000000719200000, 0x0000000719200000|100%| E|CS|TAMS 0x0000000719100000, 0x0000000719100000| Complete 
| 238|0x0000000719200000, 0x0000000719300000, 0x0000000719300000|100%| E|CS|TAMS 0x0000000719200000, 0x0000000719200000| Complete 
| 239|0x0000000719300000, 0x0000000719400000, 0x0000000719400000|100%| E|CS|TAMS 0x0000000719300000, 0x0000000719300000| Complete 
| 240|0x0000000719400000, 0x0000000719500000, 0x0000000719500000|100%| E|CS|TAMS 0x0000000719400000, 0x0000000719400000| Complete 
| 241|0x0000000719500000, 0x0000000719600000, 0x0000000719600000|100%| E|CS|TAMS 0x0000000719500000, 0x0000000719500000| Complete 
| 242|0x0000000719600000, 0x0000000719700000, 0x0000000719700000|100%| E|CS|TAMS 0x0000000719600000, 0x0000000719600000| Complete 
| 243|0x0000000719700000, 0x0000000719800000, 0x0000000719800000|100%| E|CS|TAMS 0x0000000719700000, 0x0000000719700000| Complete 
| 244|0x0000000719800000, 0x0000000719900000, 0x0000000719900000|100%| E|CS|TAMS 0x0000000719800000, 0x0000000719800000| Complete 
| 245|0x0000000719900000, 0x0000000719a00000, 0x0000000719a00000|100%| E|CS|TAMS 0x0000000719900000, 0x0000000719900000| Complete 

Card table byte_map: [0x0000019954080000,0x0000019954830000] _byte_map_base: 0x000001995082e000

Marking Bits (Prev, Next): (CMBitMap*) 0x0000019939b57188, (CMBitMap*) 0x0000019939b571c8
 Prev Bits: [0x0000019954fe0000, 0x0000019958d50000)
 Next Bits: [0x0000019958d50000, 0x000001995cac0000)

Polling page: 0x0000019939bc0000

Metaspace:

Usage:
  Non-class:     17.13 MB capacity,    16.76 MB ( 98%) used,   358.58 KB (  2%) free+waste,    24.50 KB ( <1%) overhead. 
      Class:      2.20 MB capacity,     2.01 MB ( 91%) used,   185.39 KB (  8%) free+waste,    10.63 KB ( <1%) overhead. 
       Both:     19.34 MB capacity,    18.77 MB ( 97%) used,   543.97 KB (  3%) free+waste,    35.13 KB ( <1%) overhead. 

Virtual space:
  Non-class space:       18.00 MB reserved,      17.25 MB ( 96%) committed 
      Class space:        1.00 GB reserved,       2.25 MB ( <1%) committed 
             Both:        1.02 GB reserved,      19.50 MB (  2%) committed 

Chunk freelists:
   Non-Class:  57.00 KB
       Class:  15.00 KB
        Both:  72.00 KB

MaxMetaspaceSize: 17179869184.00 GB
CompressedClassSpaceSize: 1.00 GB

CodeHeap 'non-profiled nmethods': size=119168Kb used=2428Kb max_used=2428Kb free=116739Kb
 bounds [0x000001994b360000, 0x000001994b5d0000, 0x00000199527c0000]
CodeHeap 'profiled nmethods': size=119104Kb used=10037Kb max_used=10598Kb free=109066Kb
 bounds [0x0000019943f10000, 0x0000019944970000, 0x000001994b360000]
CodeHeap 'non-nmethods': size=7488Kb used=2916Kb max_used=2957Kb free=4572Kb
 bounds [0x00000199437c0000, 0x0000019943ab0000, 0x0000019943f10000]
 total_blobs=6644 nmethods=4192 adapters=394
 compilation: enabled
              stopped_count=0, restarted_count=0
 full_count=0

Compilation events (20 events):
Event: 3.573 Thread 0x00000199604ab800 4763       3       java.lang.ProcessEnvironment$NameComparator::compare (90 bytes)
Event: 3.573 Thread 0x00000199605d3000 4761       3       java.lang.ProcessEnvironment$CheckedEntry::getKey (5 bytes)
Event: 3.573 Thread 0x0000019960d96000 4762       3       java.lang.ProcessEnvironment$CheckedEntry::getKey (13 bytes)
Event: 3.573 Thread 0x0000019960d7c800 4764       3       java.lang.ProcessEnvironment$EntryComparator::compare (13 bytes)
Event: 3.573 Thread 0x0000019960d96000 nmethod 4762 0x0000019943f39690 code [0x0000019943f39840, 0x0000019943f39bb0]
Event: 3.573 Thread 0x00000199605d3000 nmethod 4761 0x0000019943f39010 code [0x0000019943f391e0, 0x0000019943f395b0]
Event: 3.573 Thread 0x0000019960d96000 4765       3       java.lang.ProcessEnvironment$EntryComparator::compare (25 bytes)
Event: 3.574 Thread 0x0000019960d7c800 nmethod 4764 0x00000199441fa710 code [0x00000199441fa920, 0x00000199441fb150]
Event: 3.574 Thread 0x0000019960d96000 nmethod 4765 0x00000199441f9e10 code [0x00000199441fa000, 0x00000199441fa590]
Event: 3.574 Thread 0x00000199604ab800 nmethod 4763 0x00000199440c8290 code [0x00000199440c85a0, 0x00000199440c9920]
Event: 3.580 Thread 0x0000019960d7c800 4767       3       jdk.internal.org.objectweb.asm.ByteVector::<init> (13 bytes)
Event: 3.580 Thread 0x00000199605d3000 4768       3       jdk.internal.org.objectweb.asm.ByteVector::putByteArray (49 bytes)
Event: 3.580 Thread 0x0000019960d7c800 nmethod 4767 0x00000199443b1990 code [0x00000199443b1b40, 0x00000199443b1e38]
Event: 3.580 Thread 0x00000199604ab800 4769       3       jdk.internal.org.objectweb.asm.Type::getArgumentsAndReturnSizes (132 bytes)
Event: 3.580 Thread 0x00000199605d3000 nmethod 4768 0x0000019944468b10 code [0x0000019944468ce0, 0x0000019944469040]
Event: 3.583 Thread 0x00000199604ab800 nmethod 4769 0x0000019943f1b810 code [0x0000019943f1bc20, 0x0000019943f1dc00]
Event: 3.593 Thread 0x00000199604ab800 4772       1       jdk.internal.org.objectweb.asm.MethodWriter::hasAsmInstructions (5 bytes)
Event: 3.593 Thread 0x0000019960d7c800 4773       3       jdk.internal.org.objectweb.asm.Handler::getExceptionTableSize (10 bytes)
Event: 3.593 Thread 0x00000199604ab800 nmethod 4772 0x000001994b5bed10 code [0x000001994b5beea0, 0x000001994b5befd8]
Event: 3.594 Thread 0x0000019960d7c800 nmethod 4773 0x00000199444bbf90 code [0x00000199444bc140, 0x00000199444bc398]

GC Heap History (4 events):
Event: 0.605 GC heap before
{Heap before GC invocations=0 (full 0):
 garbage-first heap   total 251904K, used 23552K [0x000000070a400000, 0x0000000800000000)
  region size 1024K, 24 young (24576K), 0 survivors (0K)
 Metaspace       used 5185K, capacity 7816K, committed 8064K, reserved 1056768K
  class space    used 608K, capacity 885K, committed 896K, reserved 1048576K
}
Event: 0.610 GC heap after
{Heap after GC invocations=1 (full 0):
 garbage-first heap   total 251904K, used 3525K [0x000000070a400000, 0x0000000800000000)
  region size 1024K, 3 young (3072K), 3 survivors (3072K)
 Metaspace       used 5185K, capacity 7816K, committed 8064K, reserved 1056768K
  class space    used 608K, capacity 885K, committed 896K, reserved 1048576K
}
Event: 2.753 GC heap before
{Heap before GC invocations=1 (full 0):
 garbage-first heap   total 251904K, used 150981K [0x000000070a400000, 0x0000000800000000)
  region size 1024K, 147 young (150528K), 3 survivors (3072K)
 Metaspace       used 16015K, capacity 17499K, committed 17664K, reserved 1064960K
  class space    used 1735K, capacity 2009K, committed 2048K, reserved 1048576K
}
Event: 2.764 GC heap after
{Heap after GC invocations=2 (full 0):
 garbage-first heap   total 251904K, used 11592K [0x000000070a400000, 0x0000000800000000)
  region size 1024K, 11 young (11264K), 11 survivors (11264K)
 Metaspace       used 16015K, capacity 17499K, committed 17664K, reserved 1064960K
  class space    used 1735K, capacity 2009K, committed 2048K, reserved 1048576K
}

Deoptimization events (20 events):
Event: 3.571 Thread 0x0000019939aed000 Uncommon trap: trap_request=0xffffffde fr.pc=0x000001994b49751c relative=0x000000000000007c
Event: 3.571 Thread 0x0000019939aed000 Uncommon trap: reason=class_check action=maybe_recompile pc=0x000001994b49751c method=java.util.Collections$UnmodifiableMap$UnmodifiableEntrySet$UnmodifiableEntry.getValue()Ljava/lang/Object; @ 4 c2
Event: 3.571 Thread 0x0000019939aed000 DEOPT PACKING pc=0x000001994b49751c sp=0x00000096f63fd910
Event: 3.571 Thread 0x0000019939aed000 DEOPT UNPACKING pc=0x000001994380912f sp=0x00000096f63fd8a0 mode 2
Event: 3.595 Thread 0x0000019962f85800 Uncommon trap: trap_request=0xffffff45 fr.pc=0x000001994b396820 relative=0x00000000000004e0
Event: 3.595 Thread 0x0000019962f85800 Uncommon trap: reason=unstable_if action=reinterpret pc=0x000001994b396820 method=java.lang.AbstractStringBuilder.putStringAt(ILjava/lang/String;)V @ 8 c2
Event: 3.595 Thread 0x0000019962f85800 DEOPT PACKING pc=0x000001994b396820 sp=0x00000096f87fede0
Event: 3.595 Thread 0x0000019962f85800 DEOPT UNPACKING pc=0x000001994380912f sp=0x00000096f87fece8 mode 2
Event: 3.595 Thread 0x0000019962f85800 Uncommon trap: trap_request=0xffffff45 fr.pc=0x000001994b38f004 relative=0x00000000000004c4
Event: 3.595 Thread 0x0000019962f85800 Uncommon trap: reason=unstable_if action=reinterpret pc=0x000001994b38f004 method=java.lang.AbstractStringBuilder.putStringAt(ILjava/lang/String;)V @ 8 c2
Event: 3.595 Thread 0x0000019962f85800 DEOPT PACKING pc=0x000001994b38f004 sp=0x00000096f87fed70
Event: 3.595 Thread 0x0000019962f85800 DEOPT UNPACKING pc=0x000001994380912f sp=0x00000096f87fece0 mode 2
Event: 3.595 Thread 0x0000019962f85800 Uncommon trap: trap_request=0xffffff45 fr.pc=0x000001994b386904 relative=0x00000000000000e4
Event: 3.595 Thread 0x0000019962f85800 Uncommon trap: reason=unstable_if action=reinterpret pc=0x000001994b386904 method=java.lang.String.getBytes([BIB)V @ 5 c2
Event: 3.595 Thread 0x0000019962f85800 DEOPT PACKING pc=0x000001994b386904 sp=0x00000096f87fec90
Event: 3.595 Thread 0x0000019962f85800 DEOPT UNPACKING pc=0x000001994380912f sp=0x00000096f87fec58 mode 2
Event: 3.595 Thread 0x0000019962f85800 Uncommon trap: trap_request=0xffffff45 fr.pc=0x000001994b3f44d4 relative=0x0000000000000434
Event: 3.595 Thread 0x0000019962f85800 Uncommon trap: reason=unstable_if action=reinterpret pc=0x000001994b3f44d4 method=java.lang.StringBuilder.toString()Ljava/lang/String; @ 4 c2
Event: 3.595 Thread 0x0000019962f85800 DEOPT PACKING pc=0x000001994b3f44d4 sp=0x00000096f87fedf0
Event: 3.595 Thread 0x0000019962f85800 DEOPT UNPACKING pc=0x000001994380912f sp=0x00000096f87fedd0 mode 2

Classes unloaded (0 events):
No events

Classes redefined (0 events):
No events

Internal exceptions (20 events):
Event: 1.564 Thread 0x0000019939aed000 Implicit null exception at 0x000001994b40e965 to 0x000001994b40eb5a
Event: 1.565 Thread 0x0000019939aed000 Implicit null exception at 0x000001994b4029af to 0x000001994b402a2d
Event: 2.197 Thread 0x0000019939aed000 Exception <a 'java/lang/NoClassDefFoundError'{0x00000007130efd58}: org/apache/maven/doxia/sink/SinkEventAttributes> (0x00000007130efd58) 
thrown [t:/workspace/open/src/hotspot/share/classfile/systemDictionary.cpp, line 221]
Event: 2.203 Thread 0x0000019939aed000 Exception <a 'java/lang/NoClassDefFoundError'{0x0000000712f6ef98}: org/apache/maven/doxia/sink/SinkEventAttributes> (0x0000000712f6ef98) 
thrown [t:/workspace/open/src/hotspot/share/classfile/systemDictionary.cpp, line 221]
Event: 2.206 Thread 0x0000019939aed000 Exception <a 'java/lang/NoClassDefFoundError'{0x0000000712f9dbc8}: org/apache/maven/doxia/sink/SinkEventAttributes> (0x0000000712f9dbc8) 
thrown [t:/workspace/open/src/hotspot/share/classfile/systemDictionary.cpp, line 221]
Event: 2.207 Thread 0x0000019939aed000 Exception <a 'java/lang/NoClassDefFoundError'{0x0000000712fb7518}: org/apache/maven/doxia/sink/SinkEventAttributes> (0x0000000712fb7518) 
thrown [t:/workspace/open/src/hotspot/share/classfile/systemDictionary.cpp, line 221]
Event: 2.208 Thread 0x0000019939aed000 Exception <a 'java/lang/NoClassDefFoundError'{0x0000000712fd3228}: org/apache/maven/doxia/sink/SinkEventAttributes> (0x0000000712fd3228) 
thrown [t:/workspace/open/src/hotspot/share/classfile/systemDictionary.cpp, line 221]
Event: 2.211 Thread 0x0000019939aed000 Exception <a 'java/lang/NoClassDefFoundError'{0x0000000712e09978}: org/apache/maven/doxia/sink/SinkEventAttributes> (0x0000000712e09978) 
thrown [t:/workspace/open/src/hotspot/share/classfile/systemDictionary.cpp, line 221]
Event: 2.892 Thread 0x0000019939aed000 Exception <a 'java/lang/NoClassDefFoundError'{0x0000000718c3b2d0}: org/sonatype/aether/installation/InstallationException> (0x0000000718c3b2d0) 
thrown [t:/workspace/open/src/hotspot/share/classfile/systemDictionary.cpp, line 221]
Event: 2.896 Thread 0x0000019939aed000 Exception <a 'java/lang/NoClassDefFoundError'{0x0000000718c9d7c8}: org/sonatype/aether/artifact/ArtifactType> (0x0000000718c9d7c8) 
thrown [t:/workspace/open/src/hotspot/share/classfile/systemDictionary.cpp, line 221]
Event: 2.903 Thread 0x0000019939aed000 Exception <a 'java/lang/NoClassDefFoundError'{0x0000000718b125f0}: org/sonatype/aether/artifact/Artifact> (0x0000000718b125f0) 
thrown [t:/workspace/open/src/hotspot/share/classfile/systemDictionary.cpp, line 221]
Event: 2.903 Thread 0x0000019939aed000 Exception <a 'java/lang/NoClassDefFoundError'{0x0000000718b1f7b8}: org/sonatype/aether/deployment/DeploymentException> (0x0000000718b1f7b8) 
thrown [t:/workspace/open/src/hotspot/share/classfile/systemDictionary.cpp, line 221]
Event: 2.903 Thread 0x0000019939aed000 Exception <a 'java/lang/NoClassDefFoundError'{0x0000000718b2c218}: org/sonatype/aether/resolution/ArtifactDescriptorException> (0x0000000718b2c218) 
thrown [t:/workspace/open/src/hotspot/share/classfile/systemDictionary.cpp, line 221]
Event: 2.906 Thread 0x0000019939aed000 Exception <a 'java/lang/NoClassDefFoundError'{0x0000000718b5bb90}: org/sonatype/aether/artifact/Artifact> (0x0000000718b5bb90) 
thrown [t:/workspace/open/src/hotspot/share/classfile/systemDictionary.cpp, line 221]
Event: 2.907 Thread 0x0000019939aed000 Exception <a 'java/lang/NoClassDefFoundError'{0x0000000718b792d8}: org/sonatype/aether/artifact/Artifact> (0x0000000718b792d8) 
thrown [t:/workspace/open/src/hotspot/share/classfile/systemDictionary.cpp, line 221]
Event: 2.939 Thread 0x00000199630be800 Exception <a 'java/lang/NoSuchMethodError'{0x00000007189535c8}: 'java.lang.Object java.lang.invoke.DirectMethodHandle$Holder.invokeStaticInit(java.lang.Object, java.lang.Object, long, java.lang.Object)'> (0x00000007189535c8) 
thrown [t:/workspace/open/src/hotspot/share/interpreter/linkResolver.cpp, line 767]
Event: 2.941 Thread 0x00000199630be800 Exception <a 'java/lang/NoSuchMethodError'{0x0000000718959858}: 'java.lang.Object java.lang.invoke.Invokers$Holder.linkToTargetMethod(java.lang.Object, long, java.lang.Object)'> (0x0000000718959858) 
thrown [t:/workspace/open/src/hotspot/share/interpreter/linkResolver.cpp, line 767]
Event: 3.225 Thread 0x0000019939aed000 Exception <a 'java/lang/NoSuchMethodError'{0x0000000718538af8}: 'java.lang.Object java.lang.invoke.DirectMethodHandle$Holder.invokeStaticInit(java.lang.Object, java.lang.Object, int, int, int, int)'> (0x0000000718538af8) 
thrown [t:/workspace/open/src/hotspot/share/interpreter/linkResolver.cpp, line 767]
Event: 3.545 Thread 0x0000019939aed000 Exception <a 'java/lang/NoSuchMethodError'{0x0000000715da3be0}: 'java.lang.Object java.lang.invoke.DirectMethodHandle$Holder.invokeStatic(java.lang.Object, int, java.lang.Object)'> (0x0000000715da3be0) 
thrown [t:/workspace/open/src/hotspot/share/interpreter/linkResolver.cpp, line 767]
Event: 3.580 Thread 0x0000019939aed000 Exception <a 'java/lang/NoSuchMethodError'{0x0000000715b02aa0}: 'void java.lang.invoke.DirectMethodHandle$Holder.invokeStatic(java.lang.Object, long)'> (0x0000000715b02aa0) 
thrown [t:/workspace/open/src/hotspot/share/interpreter/linkResolver.cpp, line 767]

Events (20 events):
Event: 3.590 loading class org/apache/maven/surefire/shared/codec/EncoderException
Event: 3.590 loading class org/apache/maven/surefire/shared/codec/EncoderException done
Event: 3.590 loading class org/apache/maven/surefire/shared/codec/EncoderException
Event: 3.590 loading class org/apache/maven/surefire/shared/codec/EncoderException done
Event: 3.591 Thread 0x0000019962f85000 Thread added: 0x0000019962f85000
Event: 3.591 loading class org/apache/maven/plugin/surefire/booterclient/output/NativeStdErrStreamConsumer
Event: 3.591 loading class org/apache/maven/plugin/surefire/booterclient/output/NativeStdErrStreamConsumer done
Event: 3.591 loading class org/apache/maven/plugin/surefire/booterclient/output/NativeStdErrStreamConsumer
Event: 3.591 loading class org/apache/maven/plugin/surefire/booterclient/output/NativeStdErrStreamConsumer done
Event: 3.591 loading class org/apache/maven/plugin/surefire/booterclient/output/NativeStdErrStreamConsumer
Event: 3.591 loading class org/apache/maven/plugin/surefire/booterclient/output/NativeStdErrStreamConsumer done
Event: 3.591 loading class org/apache/maven/plugin/surefire/booterclient/output/NativeStdErrStreamConsumer
Event: 3.591 loading class org/apache/maven/plugin/surefire/booterclient/output/NativeStdErrStreamConsumer done
Event: 3.592 Thread 0x0000019962f85800 Thread added: 0x0000019962f85800
Event: 3.592 loading class java/util/Scanner
Event: 3.593 loading class java/util/Scanner done
Event: 3.595 loading class java/nio/channels/Channels
Event: 3.595 loading class java/nio/channels/Channels done
Event: 3.595 loading class java/util/Scanner$PatternLRUCache
Event: 3.595 loading class java/util/Scanner$PatternLRUCache done


Dynamic libraries:
0x00007ff7033e0000 - 0x00007ff7033ef000 	C:\Program Files\Java\jdk-13.0.2\bin\java.exe
0x00007ff838730000 - 0x00007ff838944000 	C:\WINDOWS\SYSTEM32\ntdll.dll
0x00007ff837520000 - 0x00007ff8375e4000 	C:\WINDOWS\System32\KERNEL32.DLL
0x00007ff835f60000 - 0x00007ff836304000 	C:\WINDOWS\System32\KERNELBASE.dll
0x00007ff835dc0000 - 0x00007ff835ed1000 	C:\WINDOWS\System32\ucrtbase.dll
0x00007ff81e510000 - 0x00007ff81e525000 	C:\Program Files\Java\jdk-13.0.2\bin\VCRUNTIME140.dll
0x00007ff81b2a0000 - 0x00007ff81b2b8000 	C:\Program Files\Java\jdk-13.0.2\bin\jli.dll
0x00007ff837430000 - 0x00007ff8374e0000 	C:\WINDOWS\System32\ADVAPI32.dll
0x00007ff836bd0000 - 0x00007ff836c77000 	C:\WINDOWS\System32\msvcrt.dll
0x00007ff837f40000 - 0x00007ff837fe6000 	C:\WINDOWS\System32\sechost.dll
0x00007ff836600000 - 0x00007ff836717000 	C:\WINDOWS\System32\RPCRT4.dll
0x00007ff836f50000 - 0x00007ff8370fa000 	C:\WINDOWS\System32\USER32.dll
0x00007ff835d90000 - 0x00007ff835db6000 	C:\WINDOWS\System32\win32u.dll
0x00007ff8376f0000 - 0x00007ff837719000 	C:\WINDOWS\System32\GDI32.dll
0x00007ff835b10000 - 0x00007ff835c29000 	C:\WINDOWS\System32\gdi32full.dll
0x00007ff824240000 - 0x00007ff8244cf000 	C:\WINDOWS\WinSxS\amd64_microsoft.windows.common-controls_6595b64144ccf1df_6.0.22621.2070_none_2713e6537381f706\COMCTL32.dll
0x00007ff835cf0000 - 0x00007ff835d8a000 	C:\WINDOWS\System32\msvcp_win.dll
0x00007ff82cab0000 - 0x00007ff82caba000 	C:\WINDOWS\SYSTEM32\VERSION.dll
0x00007ff8374e0000 - 0x00007ff837511000 	C:\WINDOWS\System32\IMM32.DLL
0x00007ff808170000 - 0x00007ff80820b000 	C:\Program Files\Java\jdk-13.0.2\bin\msvcp140.dll
0x00007fffd93e0000 - 0x00007fffd9f3d000 	C:\Program Files\Java\jdk-13.0.2\bin\server\jvm.dll
0x00007ff8373c0000 - 0x00007ff8373c8000 	C:\WINDOWS\System32\PSAPI.DLL
0x00007ff82cd10000 - 0x00007ff82cd44000 	C:\WINDOWS\SYSTEM32\WINMM.dll
0x00007ff814800000 - 0x00007ff814809000 	C:\WINDOWS\SYSTEM32\WSOCK32.dll
0x00007ff836580000 - 0x00007ff8365f1000 	C:\WINDOWS\System32\WS2_32.dll
0x00007ff834b70000 - 0x00007ff834b88000 	C:\WINDOWS\SYSTEM32\kernel.appcore.dll
0x00007ff832000000 - 0x00007ff832010000 	C:\Program Files\Java\jdk-13.0.2\bin\verify.dll
0x00007ff833360000 - 0x00007ff83358e000 	C:\WINDOWS\SYSTEM32\DBGHELP.DLL
0x00007ff838120000 - 0x00007ff8384aa000 	C:\WINDOWS\System32\combase.dll
0x00007ff837ff0000 - 0x00007ff8380c7000 	C:\WINDOWS\System32\OLEAUT32.dll
0x00007ff81a120000 - 0x00007ff81a152000 	C:\WINDOWS\SYSTEM32\dbgcore.DLL
0x00007ff835ee0000 - 0x00007ff835f5a000 	C:\WINDOWS\System32\bcryptPrimitives.dll
0x00007ff81d530000 - 0x00007ff81d556000 	C:\Program Files\Java\jdk-13.0.2\bin\java.dll
0x00007ff81d510000 - 0x00007ff81d527000 	C:\Program Files\Java\jdk-13.0.2\bin\zip.dll
0x00007ff830b40000 - 0x00007ff830b4a000 	C:\Program Files\Java\jdk-13.0.2\bin\jimage.dll
0x00007ff837720000 - 0x00007ff837f36000 	C:\WINDOWS\System32\SHELL32.dll
0x00007ff833aa0000 - 0x00007ff83438a000 	C:\WINDOWS\SYSTEM32\windows.storage.dll
0x00007ff833960000 - 0x00007ff833a9e000 	C:\WINDOWS\SYSTEM32\wintypes.dll
0x00007ff8372c0000 - 0x00007ff8373b3000 	C:\WINDOWS\System32\SHCORE.dll
0x00007ff8373d0000 - 0x00007ff83742e000 	C:\WINDOWS\System32\shlwapi.dll
0x00007ff835a40000 - 0x00007ff835a66000 	C:\WINDOWS\SYSTEM32\profapi.dll
0x00007ff81d4d0000 - 0x00007ff81d4e9000 	C:\Program Files\Java\jdk-13.0.2\bin\net.dll
0x00007ff82f640000 - 0x00007ff82f777000 	C:\WINDOWS\SYSTEM32\WINHTTP.dll
0x00007ff835070000 - 0x00007ff8350d9000 	C:\WINDOWS\system32\mswsock.dll
0x00007ff81d400000 - 0x00007ff81d413000 	C:\Program Files\Java\jdk-13.0.2\bin\nio.dll
0x0000000069ac0000 - 0x0000000069ae4000 	C:\Program Files\NetBeans-13\netbeans\java\maven\lib\jansi-native\Windows\x86_64\jansi.dll
0x00007ff835310000 - 0x00007ff83532b000 	C:\WINDOWS\SYSTEM32\CRYPTSP.dll
0x00007ff834b30000 - 0x00007ff834b65000 	C:\WINDOWS\system32\rsaenh.dll
0x00007ff8351b0000 - 0x00007ff8351dc000 	C:\WINDOWS\SYSTEM32\USERENV.dll
0x00007ff8354b0000 - 0x00007ff8354d8000 	C:\WINDOWS\SYSTEM32\bcrypt.dll
0x00007ff835330000 - 0x00007ff83533c000 	C:\WINDOWS\SYSTEM32\CRYPTBASE.dll
0x00007ff8345f0000 - 0x00007ff83461d000 	C:\WINDOWS\SYSTEM32\IPHLPAPI.DLL
0x00007ff836f40000 - 0x00007ff836f49000 	C:\WINDOWS\System32\NSI.dll
0x00007ff82f240000 - 0x00007ff82f259000 	C:\WINDOWS\SYSTEM32\dhcpcsvc6.DLL
0x00007ff82f220000 - 0x00007ff82f23f000 	C:\WINDOWS\SYSTEM32\dhcpcsvc.DLL
0x00007ff834660000 - 0x00007ff834753000 	C:\WINDOWS\SYSTEM32\DNSAPI.dll

dbghelp: loaded successfully - version: 4.0.5 - missing functions: none
symbol engine: initialized successfully - sym options: 0x614 - pdb path: .;C:\Program Files\Java\jdk-13.0.2\bin;C:\WINDOWS\SYSTEM32;C:\WINDOWS\WinSxS\amd64_microsoft.windows.common-controls_6595b64144ccf1df_6.0.22621.2070_none_2713e6537381f706;C:\Program Files\Java\jdk-13.0.2\bin\server;C:\Program Files\NetBeans-13\netbeans\java\maven\lib\jansi-native\Windows\x86_64

VM Arguments:
jvm_args: -Dclassworlds.conf=C:\Program Files\NetBeans-13\netbeans\java\maven\bin\m2.conf -Dmaven.home=C:\Program Files\NetBeans-13\netbeans\java\maven -Dlibrary.jansi.path=C:\Program Files\NetBeans-13\netbeans\java\maven\lib\jansi-native -Dmaven.multiModuleProjectDirectory=C:\Users\Savi\Desktop\USP\Year 3\3-S2-2023\CS341\CS341-Lab2\CS341_A1_Java_S11199815_S11198967 
java_command: org.codehaus.plexus.classworlds.launcher.Launcher -Dmaven.ext.class.path=C:\Program Files\NetBeans-13\netbeans\java\maven-nblib\netbeans-eventspy.jar test
java_class_path (initial): C:\Program Files\NetBeans-13\netbeans\java\maven\boot\plexus-classworlds-2.6.0.jar
Launcher Type: SUN_STANDARD

[Global flags]
     intx CICompilerCount                          = 12                                        {product} {ergonomic}
     uint ConcGCThreads                            = 3                                         {product} {ergonomic}
     uint G1ConcRefinementThreads                  = 13                                        {product} {ergonomic}
   size_t G1HeapRegionSize                         = 1048576                                   {product} {ergonomic}
    uintx GCDrainStackTargetSize                   = 64                                        {product} {ergonomic}
   size_t InitialHeapSize                          = 257949696                                 {product} {ergonomic}
   size_t MarkStackSize                            = 4194304                                   {product} {ergonomic}
   size_t MaxHeapSize                              = 4123000832                                {product} {ergonomic}
   size_t MaxNewSize                               = 2473590784                                {product} {ergonomic}
   size_t MinHeapDeltaBytes                        = 1048576                                   {product} {ergonomic}
   size_t MinHeapSize                              = 8388608                                   {product} {ergonomic}
    uintx NonNMethodCodeHeapSize                   = 7602480                                {pd product} {ergonomic}
    uintx NonProfiledCodeHeapSize                  = 122027880                              {pd product} {ergonomic}
    uintx ProfiledCodeHeapSize                     = 122027880                              {pd product} {ergonomic}
    uintx ReservedCodeCacheSize                    = 251658240                              {pd product} {ergonomic}
     bool SegmentedCodeCache                       = true                                      {product} {ergonomic}
   size_t SoftMaxHeapSize                          = 4123000832                             {manageable} {ergonomic}
     bool UseCompressedClassPointers               = true                                 {lp64_product} {ergonomic}
     bool UseCompressedOops                        = true                                 {lp64_product} {ergonomic}
     bool UseG1GC                                  = true                                      {product} {ergonomic}
     bool UseLargePagesIndividualAllocation        = false                                  {pd product} {ergonomic}

Logging:
Log output configuration:
 #0: stdout all=warning uptime,level,tags
 #1: stderr all=off uptime,level,tags

Environment Variables:
JAVA_HOME=C:\Program Files\Java\jdk-13.0.2
PATH=C:\Program Files\Python311\Scripts\;C:\Program Files\Python311\;C:\Program Files (x86)\Common Files\Oracle\Java\javapath;C:\Windows\system32;C:\Windows;C:\Windows\System32\Wbem;C:\Windows\System32\WindowsPowerShell\v1.0\;C:\Windows\System32\OpenSSH\;C:\Program Files\Microsoft SQL Server\150\Tools\Binn\;c:\Program Files (x86)\Microsoft SQL Server\100\Tools\Binn\;c:\Program Files\Microsoft SQL Server\100\Tools\Binn\;c:\Program Files\Microsoft SQL Server\100\DTS\Binn\;C:\WINDOWS\system32;C:\WINDOWS;C:\WINDOWS\System32\Wbem;C:\WINDOWS\System32\WindowsPowerShell\v1.0\;C:\WINDOWS\System32\OpenSSH\;C:\Program Files\dotnet\;C:\Program Files\Microsoft SQL Server\130\Tools\Binn\;C:\Program Files\Microsoft SQL Server\Client SDK\ODBC\170\Tools\Binn\;C:\Program Files\Java\jdk-13.0.2\bin;C:\Program Files\Git\cmd;C:\WINDOWS\system32;C:\WINDOWS;C:\WINDOWS\System32\Wbem;C:\WINDOWS\System32\WindowsPowerShell\v1.0\;C:\WINDOWS\System32\OpenSSH\;C:\Users\Savi\AppData\Local\Microsoft\WindowsApps;C:\Users\Savi\AppData\Local\Programs\Microsoft VS Code\bin;C:\Users\Savi\.dotnet\tools;C:\Users\Savi\AppData\Local\GitHubDesktop\bin;
USERNAME=Savi
OS=Windows_NT
PROCESSOR_IDENTIFIER=AMD64 Family 23 Model 104 Stepping 1, AuthenticAMD



---------------  S Y S T E M  ---------------

OS: Windows 10 , 64 bit Build 22621 (10.0.22621.2070)
HyperV virtualization detected

CPU:total 16 (initial active 16) (16 cores per cpu, 2 threads per core) family 23 model 104 stepping 1, cmov, cx8, fxsr, mmx, sse, sse2, sse3, ssse3, sse4.1, sse4.2, popcnt, avx, avx2, aes, clmul, mmxext, 3dnowpref, lzcnt, sse4a, ht, tsc, tscinvbit, tscinv, bmi1, bmi2, adx, sha, fma

Memory: 4k page, system-wide physical 15724M (3548M free)
TotalPageFile size 19264M (AvailPageFile size 5M)
current process WorkingSet (physical memory assigned to process): 310M, peak: 315M
current process commit charge ("private bytes"): 463M, peak: 466M

vm_info: Java HotSpot(TM) 64-Bit Server VM (13.0.2+8) for windows-amd64 JRE (13.0.2+8), built on Dec 11 2019 09:20:33 by "mach5one" with unknown MS VC++:1916

END.
